2024-02-07 10:28:21.247 [http-nio-8080-exec-2] [1;31mERROR[0;39m o.a.i.i.e.CustomExceptionHandler [org.ace.insurance.inbound_insurance.exception.CustomExceptionHandler.internalServerErrorException] - JSON parse error: Cannot deserialize value of type `java.time.LocalDateTime` from String "02-02-2004": Failed to deserialize java.time.LocalDateTime: (java.time.format.DateTimeParseException) Text '02-02-2004' could not be parsed at index 0
2024-02-07 10:31:52.728 [http-nio-8080-exec-1] [1;31mERROR[0;39m o.a.i.i.e.CustomExceptionHandler [org.ace.insurance.inbound_insurance.exception.CustomExceptionHandler.internalServerErrorException] - JSON parse error: Cannot deserialize value of type `java.time.LocalDateTime` from String "02-02-2004": Failed to deserialize java.time.LocalDateTime: (java.time.format.DateTimeParseException) Text '02-02-2004' could not be parsed at index 0
2024-02-07 10:33:04.822 [http-nio-8080-exec-2] [1;31mERROR[0;39m o.a.i.i.e.CustomExceptionHandler [org.ace.insurance.inbound_insurance.exception.CustomExceptionHandler.internalServerErrorException] - JSON parse error: Cannot deserialize value of type `java.time.LocalDateTime` from String "02-02-2004": Failed to deserialize java.time.LocalDateTime: (java.time.format.DateTimeParseException) Text '02-02-2004' could not be parsed at index 0
2024-02-07 10:34:32.279 [http-nio-8080-exec-1] [1;31mERROR[0;39m o.a.i.i.e.CustomExceptionHandler [org.ace.insurance.inbound_insurance.exception.CustomExceptionHandler.internalServerErrorException] - JSON parse error: Cannot deserialize value of type `java.util.Date` from String "02-02-2004": not a valid representation (error: Failed to parse Date value '02-02-2004': Cannot parse date "02-02-2004": not compatible with any of standard forms ("yyyy-MM-dd'T'HH:mm:ss.SSSX", "yyyy-MM-dd'T'HH:mm:ss.SSS", "EEE, dd MMM yyyy HH:mm:ss zzz", "yyyy-MM-dd"))
2024-02-07 10:36:15.036 [http-nio-8080-exec-1] [1;31mERROR[0;39m o.a.i.i.e.CustomExceptionHandler [org.ace.insurance.inbound_insurance.exception.CustomExceptionHandler.internalServerErrorException] - JSON parse error: Cannot deserialize value of type `java.util.Date` from String "02-02-2004": not a valid representation (error: Failed to parse Date value '02-02-2004': Cannot parse date "02-02-2004": not compatible with any of standard forms ("yyyy-MM-dd'T'HH:mm:ss.SSSX", "yyyy-MM-dd'T'HH:mm:ss.SSS", "EEE, dd MMM yyyy HH:mm:ss zzz", "yyyy-MM-dd"))
2024-02-07 10:38:30.053 [http-nio-8080-exec-2] [1;31mERROR[0;39m o.a.i.i.e.CustomExceptionHandler [org.ace.insurance.inbound_insurance.exception.CustomExceptionHandler.internalServerErrorException] - JSON parse error: Cannot deserialize value of type `java.util.Date` from String "02-02-2004": not a valid representation (error: Failed to parse Date value '02-02-2004': Cannot parse date "02-02-2004": not compatible with any of standard forms ("yyyy-MM-dd'T'HH:mm:ss.SSSX", "yyyy-MM-dd'T'HH:mm:ss.SSS", "EEE, dd MMM yyyy HH:mm:ss zzz", "yyyy-MM-dd"))
2024-02-07 10:39:28.214 [http-nio-8080-exec-2] [1;31mERROR[0;39m o.a.i.i.e.CustomExceptionHandler [org.ace.insurance.inbound_insurance.exception.CustomExceptionHandler.internalServerErrorException] - JSON parse error: Cannot deserialize value of type `java.time.LocalDate` from String "02-02-2004": Failed to deserialize java.time.LocalDate: (java.time.format.DateTimeParseException) Text '02-02-2004' could not be parsed at index 0
2024-02-07 10:40:26.129 [http-nio-8080-exec-1] [1;31mERROR[0;39m o.a.i.i.e.CustomExceptionHandler [org.ace.insurance.inbound_insurance.exception.CustomExceptionHandler.internalServerErrorException] - JSON parse error: Cannot deserialize value of type `java.time.LocalDate` from String "02-02-2004": Failed to deserialize java.time.LocalDate: (java.time.format.DateTimeParseException) Text '02-02-2004' could not be parsed at index 0
2024-02-07 10:41:54.150 [http-nio-8080-exec-2] [1;31mERROR[0;39m o.a.i.i.e.CustomExceptionHandler [org.ace.insurance.inbound_insurance.exception.CustomExceptionHandler.internalServerErrorException] - JSON parse error: Cannot deserialize value of type `java.time.LocalDate` from String "02-02-2004": Failed to deserialize java.time.LocalDate: (java.time.format.DateTimeParseException) Text '02-02-2004' could not be parsed at index 0
2024-02-07 10:55:49.622 [http-nio-8080-exec-1] [1;31mERROR[0;39m o.a.i.i.e.CustomExceptionHandler [org.ace.insurance.inbound_insurance.exception.CustomExceptionHandler.internalServerErrorException] - JSON parse error: Cannot deserialize value of type `java.time.LocalDate` from String "05-11-2002": Failed to deserialize java.time.LocalDate: (java.time.format.DateTimeParseException) Text '05-11-2002' could not be parsed at index 0
2024-02-07 10:59:34.160 [http-nio-8080-exec-4] [1;31mERROR[0;39m o.a.i.i.e.CustomExceptionHandler [org.ace.insurance.inbound_insurance.exception.CustomExceptionHandler.internalServerErrorException] - JSON parse error: Cannot deserialize value of type `java.time.LocalDate` from String "05-11-2002": Failed to deserialize java.time.LocalDate: (java.time.format.DateTimeParseException) Text '05-11-2002' could not be parsed at index 0
2024-02-07 11:03:52.503 [http-nio-8080-exec-2] [1;31mERROR[0;39m o.a.i.i.e.CustomExceptionHandler [org.ace.insurance.inbound_insurance.exception.CustomExceptionHandler.internalServerErrorException] - JSON parse error: Cannot deserialize value of type `java.time.LocalDate` from String "05-11-2002": Failed to deserialize java.time.LocalDate: (java.time.format.DateTimeParseException) Text '05-11-2002' could not be parsed at index 0
2024-02-07 11:05:47.139 [http-nio-8080-exec-3] [1;31mERROR[0;39m o.a.i.i.e.CustomExceptionHandler [org.ace.insurance.inbound_insurance.exception.CustomExceptionHandler.internalServerErrorException] - JSON parse error: Cannot deserialize value of type `java.time.LocalDate` from String "05-11-2002": Failed to deserialize java.time.LocalDate: (java.time.format.DateTimeParseException) Text '05-11-2002' could not be parsed at index 0
2024-02-07 11:11:58.651 [http-nio-8080-exec-1] [1;31mERROR[0;39m o.a.i.i.e.CustomExceptionHandler [org.ace.insurance.inbound_insurance.exception.CustomExceptionHandler.internalServerErrorException] - JSON parse error: Cannot deserialize value of type `java.time.LocalDate` from String "05-11-2002": Failed to deserialize java.time.LocalDate: (java.time.format.DateTimeParseException) Text '05-11-2002' could not be parsed at index 0
2024-02-07 11:16:21.590 [http-nio-8080-exec-3] [1;31mERROR[0;39m o.a.i.i.e.CustomExceptionHandler [org.ace.insurance.inbound_insurance.exception.CustomExceptionHandler.internalServerErrorException] - JSON parse error: Cannot deserialize value of type `java.time.LocalDate` from String "11-11-2002": Failed to deserialize java.time.LocalDate: (java.time.format.DateTimeParseException) Text '11-11-2002' could not be parsed at index 0
2024-02-07 11:19:01.388 [http-nio-8080-exec-1] [1;31mERROR[0;39m o.a.i.i.e.CustomExceptionHandler [org.ace.insurance.inbound_insurance.exception.CustomExceptionHandler.internalServerErrorException] - JSON parse error: Cannot deserialize value of type `java.time.LocalDate` from String "05-11-2002": Failed to deserialize java.time.LocalDate: (java.time.format.DateTimeParseException) Text '05-11-2002' could not be parsed at index 0
2024-02-07 11:20:09.990 [http-nio-8080-exec-4] [1;31mERROR[0;39m o.a.i.i.e.CustomExceptionHandler [org.ace.insurance.inbound_insurance.exception.CustomExceptionHandler.internalServerErrorException] - JSON parse error: Cannot deserialize value of type `java.time.LocalDate` from String "05-11-2002": Failed to deserialize java.time.LocalDate: (java.time.format.DateTimeParseException) Text '05-11-2002' could not be parsed at index 0
2024-02-07 11:23:50.197 [http-nio-8080-exec-1] [1;31mERROR[0;39m o.a.i.i.e.CustomExceptionHandler [org.ace.insurance.inbound_insurance.exception.CustomExceptionHandler.internalServerErrorException] - JSON parse error: Cannot deserialize value of type `java.time.LocalDate` from String "05-11-2002": Failed to deserialize java.time.LocalDate: (java.time.format.DateTimeParseException) Text '05-11-2002' could not be parsed at index 0
2024-02-07 11:27:33.667 [http-nio-8080-exec-2] [1;31mERROR[0;39m o.a.i.i.e.CustomExceptionHandler [org.ace.insurance.inbound_insurance.exception.CustomExceptionHandler.internalServerErrorException] - JSON parse error: Cannot deserialize value of type `java.time.LocalDate` from String "05-11-2002": Failed to deserialize java.time.LocalDate: (java.time.format.DateTimeParseException) Text '05-11-2002' could not be parsed at index 0
2024-02-07 14:50:37.321 [http-nio-8080-exec-5] [1;31mERROR[0;39m o.h.e.j.s.SqlExceptionHelper [org.hibernate.engine.jdbc.spi.SqlExceptionHelper.logExceptions] - Cannot insert duplicate key row in object 'dbo.insured_person' with unique index 'UK_mj4w22vvxq8wxh7vm2ab9r1it'. The duplicate key value is (726b09b9-c924-43d4-bf7e-f0fb8b8c469c).
2024-02-07 14:50:37.332 [http-nio-8080-exec-5] [1;31mERROR[0;39m o.a.i.i.e.CustomExceptionHandler [org.ace.insurance.inbound_insurance.exception.CustomExceptionHandler.internalServerErrorException] - could not execute statement [Cannot insert duplicate key row in object 'dbo.insured_person' with unique index 'UK_mj4w22vvxq8wxh7vm2ab9r1it'. The duplicate key value is (726b09b9-c924-43d4-bf7e-f0fb8b8c469c).]; SQL [null]; constraint [insert into insured_person (beneficiaryid_id,created_date,created_user_id,insured_person_address_myanmar,insured_persondob,insured_person_email,insured_person_gender,insured_person_name,insured_person_phone_number,insured_person_resident_address,insured_person_resident_country,is_child,passport_issue_date,passport_number,updated_date,updated_user_id,version,id) values (?,?,?,?,?,?,?,?,?,?,?,?,?,?,?,?,?,?)]
2024-02-07 15:16:00.383 [main] [1;31mERROR[0;39m o.s.b.SpringApplication [org.springframework.boot.SpringApplication.reportFailure] - Application run failed
org.springframework.beans.factory.UnsatisfiedDependencyException: Error creating bean with name 'childController' defined in file [D:\tgp\ACEplus_assignment\InboundInsurance\INBOUND_INSURANCE\target\classes\org\ace\insurance\inbound_insurance\controller\ChildController.class]: Unsatisfied dependency expressed through constructor parameter 0: Error creating bean with name 'childServiceImpl' defined in file [D:\tgp\ACEplus_assignment\InboundInsurance\INBOUND_INSURANCE\target\classes\org\ace\insurance\inbound_insurance\service\serviceImpl\ChildServiceImpl.class]: Unsatisfied dependency expressed through constructor parameter 1: Error creating bean with name 'insuredPersonRepository' defined in org.ace.insurance.inbound_insurance.repository.InsuredPersonRepository defined in @EnableJpaRepositories declared on JpaRepositoriesRegistrar.EnableJpaRepositoriesConfiguration: Could not create query for public abstract java.util.List org.ace.insurance.inbound_insurance.repository.InsuredPersonRepository.findByChildIsTrue(); Reason: Failed to create query for method public abstract java.util.List org.ace.insurance.inbound_insurance.repository.InsuredPersonRepository.findByChildIsTrue(); Unable to locate Attribute with the given name [child] on this ManagedType [org.ace.insurance.inbound_insurance.entity.InsuredPerson]
	at org.springframework.beans.factory.support.ConstructorResolver.createArgumentArray(ConstructorResolver.java:798)
	at org.springframework.beans.factory.support.ConstructorResolver.autowireConstructor(ConstructorResolver.java:237)
	at org.springframework.beans.factory.support.AbstractAutowireCapableBeanFactory.autowireConstructor(AbstractAutowireCapableBeanFactory.java:1354)
	at org.springframework.beans.factory.support.AbstractAutowireCapableBeanFactory.createBeanInstance(AbstractAutowireCapableBeanFactory.java:1191)
	at org.springframework.beans.factory.support.AbstractAutowireCapableBeanFactory.doCreateBean(AbstractAutowireCapableBeanFactory.java:561)
	at org.springframework.beans.factory.support.AbstractAutowireCapableBeanFactory.createBean(AbstractAutowireCapableBeanFactory.java:521)
	at org.springframework.beans.factory.support.AbstractBeanFactory.lambda$doGetBean$0(AbstractBeanFactory.java:325)
	at org.springframework.beans.factory.support.DefaultSingletonBeanRegistry.getSingleton(DefaultSingletonBeanRegistry.java:234)
	at org.springframework.beans.factory.support.AbstractBeanFactory.doGetBean(AbstractBeanFactory.java:323)
	at org.springframework.beans.factory.support.AbstractBeanFactory.getBean(AbstractBeanFactory.java:199)
	at org.springframework.beans.factory.support.DefaultListableBeanFactory.preInstantiateSingletons(DefaultListableBeanFactory.java:975)
	at org.springframework.context.support.AbstractApplicationContext.finishBeanFactoryInitialization(AbstractApplicationContext.java:959)
	at org.springframework.context.support.AbstractApplicationContext.refresh(AbstractApplicationContext.java:624)
	at org.springframework.boot.web.servlet.context.ServletWebServerApplicationContext.refresh(ServletWebServerApplicationContext.java:146)
	at org.springframework.boot.SpringApplication.refresh(SpringApplication.java:754)
	at org.springframework.boot.SpringApplication.refreshContext(SpringApplication.java:456)
	at org.springframework.boot.SpringApplication.run(SpringApplication.java:334)
	at org.springframework.boot.SpringApplication.run(SpringApplication.java:1354)
	at org.springframework.boot.SpringApplication.run(SpringApplication.java:1343)
	at org.ace.insurance.inbound_insurance.InboundInsuranceApplication.main(InboundInsuranceApplication.java:10)
Caused by: org.springframework.beans.factory.UnsatisfiedDependencyException: Error creating bean with name 'childServiceImpl' defined in file [D:\tgp\ACEplus_assignment\InboundInsurance\INBOUND_INSURANCE\target\classes\org\ace\insurance\inbound_insurance\service\serviceImpl\ChildServiceImpl.class]: Unsatisfied dependency expressed through constructor parameter 1: Error creating bean with name 'insuredPersonRepository' defined in org.ace.insurance.inbound_insurance.repository.InsuredPersonRepository defined in @EnableJpaRepositories declared on JpaRepositoriesRegistrar.EnableJpaRepositoriesConfiguration: Could not create query for public abstract java.util.List org.ace.insurance.inbound_insurance.repository.InsuredPersonRepository.findByChildIsTrue(); Reason: Failed to create query for method public abstract java.util.List org.ace.insurance.inbound_insurance.repository.InsuredPersonRepository.findByChildIsTrue(); Unable to locate Attribute with the given name [child] on this ManagedType [org.ace.insurance.inbound_insurance.entity.InsuredPerson]
	at org.springframework.beans.factory.support.ConstructorResolver.createArgumentArray(ConstructorResolver.java:798)
	at org.springframework.beans.factory.support.ConstructorResolver.autowireConstructor(ConstructorResolver.java:237)
	at org.springframework.beans.factory.support.AbstractAutowireCapableBeanFactory.autowireConstructor(AbstractAutowireCapableBeanFactory.java:1354)
	at org.springframework.beans.factory.support.AbstractAutowireCapableBeanFactory.createBeanInstance(AbstractAutowireCapableBeanFactory.java:1191)
	at org.springframework.beans.factory.support.AbstractAutowireCapableBeanFactory.doCreateBean(AbstractAutowireCapableBeanFactory.java:561)
	at org.springframework.beans.factory.support.AbstractAutowireCapableBeanFactory.createBean(AbstractAutowireCapableBeanFactory.java:521)
	at org.springframework.beans.factory.support.AbstractBeanFactory.lambda$doGetBean$0(AbstractBeanFactory.java:325)
	at org.springframework.beans.factory.support.DefaultSingletonBeanRegistry.getSingleton(DefaultSingletonBeanRegistry.java:234)
	at org.springframework.beans.factory.support.AbstractBeanFactory.doGetBean(AbstractBeanFactory.java:323)
	at org.springframework.beans.factory.support.AbstractBeanFactory.getBean(AbstractBeanFactory.java:199)
	at org.springframework.beans.factory.config.DependencyDescriptor.resolveCandidate(DependencyDescriptor.java:254)
	at org.springframework.beans.factory.support.DefaultListableBeanFactory.doResolveDependency(DefaultListableBeanFactory.java:1443)
	at org.springframework.beans.factory.support.DefaultListableBeanFactory.resolveDependency(DefaultListableBeanFactory.java:1353)
	at org.springframework.beans.factory.support.ConstructorResolver.resolveAutowiredArgument(ConstructorResolver.java:907)
	at org.springframework.beans.factory.support.ConstructorResolver.createArgumentArray(ConstructorResolver.java:785)
	... 19 common frames omitted
Caused by: org.springframework.beans.factory.BeanCreationException: Error creating bean with name 'insuredPersonRepository' defined in org.ace.insurance.inbound_insurance.repository.InsuredPersonRepository defined in @EnableJpaRepositories declared on JpaRepositoriesRegistrar.EnableJpaRepositoriesConfiguration: Could not create query for public abstract java.util.List org.ace.insurance.inbound_insurance.repository.InsuredPersonRepository.findByChildIsTrue(); Reason: Failed to create query for method public abstract java.util.List org.ace.insurance.inbound_insurance.repository.InsuredPersonRepository.findByChildIsTrue(); Unable to locate Attribute with the given name [child] on this ManagedType [org.ace.insurance.inbound_insurance.entity.InsuredPerson]
	at org.springframework.beans.factory.support.AbstractAutowireCapableBeanFactory.initializeBean(AbstractAutowireCapableBeanFactory.java:1773)
	at org.springframework.beans.factory.support.AbstractAutowireCapableBeanFactory.doCreateBean(AbstractAutowireCapableBeanFactory.java:599)
	at org.springframework.beans.factory.support.AbstractAutowireCapableBeanFactory.createBean(AbstractAutowireCapableBeanFactory.java:521)
	at org.springframework.beans.factory.support.AbstractBeanFactory.lambda$doGetBean$0(AbstractBeanFactory.java:325)
	at org.springframework.beans.factory.support.DefaultSingletonBeanRegistry.getSingleton(DefaultSingletonBeanRegistry.java:234)
	at org.springframework.beans.factory.support.AbstractBeanFactory.doGetBean(AbstractBeanFactory.java:323)
	at org.springframework.beans.factory.support.AbstractBeanFactory.getBean(AbstractBeanFactory.java:199)
	at org.springframework.beans.factory.config.DependencyDescriptor.resolveCandidate(DependencyDescriptor.java:254)
	at org.springframework.beans.factory.support.DefaultListableBeanFactory.doResolveDependency(DefaultListableBeanFactory.java:1443)
	at org.springframework.beans.factory.support.DefaultListableBeanFactory.resolveDependency(DefaultListableBeanFactory.java:1353)
	at org.springframework.beans.factory.support.ConstructorResolver.resolveAutowiredArgument(ConstructorResolver.java:907)
	at org.springframework.beans.factory.support.ConstructorResolver.createArgumentArray(ConstructorResolver.java:785)
	... 33 common frames omitted
Caused by: org.springframework.data.repository.query.QueryCreationException: Could not create query for public abstract java.util.List org.ace.insurance.inbound_insurance.repository.InsuredPersonRepository.findByChildIsTrue(); Reason: Failed to create query for method public abstract java.util.List org.ace.insurance.inbound_insurance.repository.InsuredPersonRepository.findByChildIsTrue(); Unable to locate Attribute with the given name [child] on this ManagedType [org.ace.insurance.inbound_insurance.entity.InsuredPerson]
	at org.springframework.data.repository.query.QueryCreationException.create(QueryCreationException.java:101)
	at org.springframework.data.repository.core.support.QueryExecutorMethodInterceptor.lookupQuery(QueryExecutorMethodInterceptor.java:115)
	at org.springframework.data.repository.core.support.QueryExecutorMethodInterceptor.mapMethodsToQuery(QueryExecutorMethodInterceptor.java:99)
	at org.springframework.data.repository.core.support.QueryExecutorMethodInterceptor.lambda$new$0(QueryExecutorMethodInterceptor.java:88)
	at java.base/java.util.Optional.map(Optional.java:260)
	at org.springframework.data.repository.core.support.QueryExecutorMethodInterceptor.<init>(QueryExecutorMethodInterceptor.java:88)
	at org.springframework.data.repository.core.support.RepositoryFactorySupport.getRepository(RepositoryFactorySupport.java:357)
	at org.springframework.data.repository.core.support.RepositoryFactoryBeanSupport.lambda$afterPropertiesSet$5(RepositoryFactoryBeanSupport.java:279)
	at org.springframework.data.util.Lazy.getNullable(Lazy.java:135)
	at org.springframework.data.util.Lazy.get(Lazy.java:113)
	at org.springframework.data.repository.core.support.RepositoryFactoryBeanSupport.afterPropertiesSet(RepositoryFactoryBeanSupport.java:285)
	at org.springframework.data.jpa.repository.support.JpaRepositoryFactoryBean.afterPropertiesSet(JpaRepositoryFactoryBean.java:132)
	at org.springframework.beans.factory.support.AbstractAutowireCapableBeanFactory.invokeInitMethods(AbstractAutowireCapableBeanFactory.java:1820)
	at org.springframework.beans.factory.support.AbstractAutowireCapableBeanFactory.initializeBean(AbstractAutowireCapableBeanFactory.java:1769)
	... 44 common frames omitted
Caused by: java.lang.IllegalArgumentException: Failed to create query for method public abstract java.util.List org.ace.insurance.inbound_insurance.repository.InsuredPersonRepository.findByChildIsTrue(); Unable to locate Attribute with the given name [child] on this ManagedType [org.ace.insurance.inbound_insurance.entity.InsuredPerson]
	at org.springframework.data.jpa.repository.query.PartTreeJpaQuery.<init>(PartTreeJpaQuery.java:106)
	at org.springframework.data.jpa.repository.query.JpaQueryLookupStrategy$CreateQueryLookupStrategy.resolveQuery(JpaQueryLookupStrategy.java:124)
	at org.springframework.data.jpa.repository.query.JpaQueryLookupStrategy$CreateIfNotFoundQueryLookupStrategy.resolveQuery(JpaQueryLookupStrategy.java:258)
	at org.springframework.data.jpa.repository.query.JpaQueryLookupStrategy$AbstractQueryLookupStrategy.resolveQuery(JpaQueryLookupStrategy.java:95)
	at org.springframework.data.repository.core.support.QueryExecutorMethodInterceptor.lookupQuery(QueryExecutorMethodInterceptor.java:111)
	... 56 common frames omitted
Caused by: java.lang.IllegalArgumentException: Unable to locate Attribute with the given name [child] on this ManagedType [org.ace.insurance.inbound_insurance.entity.InsuredPerson]
	at org.hibernate.metamodel.model.domain.AbstractManagedType.checkNotNull(AbstractManagedType.java:225)
	at org.hibernate.metamodel.model.domain.AbstractManagedType.getAttribute(AbstractManagedType.java:148)
	at org.hibernate.metamodel.model.domain.AbstractManagedType.getAttribute(AbstractManagedType.java:43)
	at org.springframework.data.jpa.repository.query.QueryUtils.requiresOuterJoin(QueryUtils.java:836)
	at org.springframework.data.jpa.repository.query.QueryUtils.toExpressionRecursively(QueryUtils.java:777)
	at org.springframework.data.jpa.repository.query.QueryUtils.toExpressionRecursively(QueryUtils.java:756)
	at org.springframework.data.jpa.repository.query.QueryUtils.toExpressionRecursively(QueryUtils.java:752)
	at org.springframework.data.jpa.repository.query.JpaQueryCreator$PredicateBuilder.getTypedPath(JpaQueryCreator.java:387)
	at org.springframework.data.jpa.repository.query.JpaQueryCreator$PredicateBuilder.build(JpaQueryCreator.java:303)
	at org.springframework.data.jpa.repository.query.JpaQueryCreator.toPredicate(JpaQueryCreator.java:210)
	at org.springframework.data.jpa.repository.query.JpaQueryCreator.create(JpaQueryCreator.java:121)
	at org.springframework.data.jpa.repository.query.JpaQueryCreator.create(JpaQueryCreator.java:1)
	at org.springframework.data.repository.query.parser.AbstractQueryCreator.createCriteria(AbstractQueryCreator.java:119)
	at org.springframework.data.repository.query.parser.AbstractQueryCreator.createQuery(AbstractQueryCreator.java:95)
	at org.springframework.data.repository.query.parser.AbstractQueryCreator.createQuery(AbstractQueryCreator.java:81)
	at org.springframework.data.jpa.repository.query.PartTreeJpaQuery$QueryPreparer.<init>(PartTreeJpaQuery.java:218)
	at org.springframework.data.jpa.repository.query.PartTreeJpaQuery$CountQueryPreparer.<init>(PartTreeJpaQuery.java:361)
	at org.springframework.data.jpa.repository.query.PartTreeJpaQuery.<init>(PartTreeJpaQuery.java:102)
	... 60 common frames omitted
