2024-02-13 09:41:37.501 [http-nio-8080-exec-1] [1;31mERROR[0;39m o.a.i.i.e.CustomExceptionHandler [org.ace.insurance.inbound_insurance.exception.CustomExceptionHandler.internalServerErrorException] - JSON parse error: Cannot deserialize value of type `java.time.LocalDate` from String "06-02-2024": Failed to deserialize java.time.LocalDate: (java.time.format.DateTimeParseException) Text '06-02-2024' could not be parsed at index 0
2024-02-13 09:44:10.423 [http-nio-8080-exec-1] [1;31mERROR[0;39m o.a.i.i.e.CustomExceptionHandler [org.ace.insurance.inbound_insurance.exception.CustomExceptionHandler.internalServerErrorException] - JSON parse error: Cannot deserialize value of type `java.time.LocalDate` from String "03-02-1998": Failed to deserialize java.time.LocalDate: (java.time.format.DateTimeParseException) Text '03-02-1998' could not be parsed at index 0
2024-02-13 09:48:02.858 [http-nio-8080-exec-2] [1;31mERROR[0;39m o.a.i.i.e.CustomExceptionHandler [org.ace.insurance.inbound_insurance.exception.CustomExceptionHandler.internalServerErrorException] - class java.lang.Double cannot be cast to class org.ace.insurance.inbound_insurance.entity.PremiumRate (java.lang.Double is in module java.base of loader 'bootstrap'; org.ace.insurance.inbound_insurance.entity.PremiumRate is in unnamed module of loader 'app')
2024-02-13 09:56:57.424 [main] [1;31mERROR[0;39m o.s.b.SpringApplication [org.springframework.boot.SpringApplication.reportFailure] - Application run failed
org.springframework.beans.factory.UnsatisfiedDependencyException: Error creating bean with name 'inboundProposalController' defined in file [D:\tgp\ACEplus_assignment\InboundInsurance\INBOUND_INSURANCE\target\classes\org\ace\insurance\inbound_insurance\controller\InboundProposalController.class]: Unsatisfied dependency expressed through constructor parameter 0: Error creating bean with name 'inboundProposalServiceImpl' defined in file [D:\tgp\ACEplus_assignment\InboundInsurance\INBOUND_INSURANCE\target\classes\org\ace\insurance\inbound_insurance\service\serviceImpl\InboundProposalServiceImpl.class]: Unsatisfied dependency expressed through constructor parameter 3: Error creating bean with name 'premiumRateServiceImpl' defined in file [D:\tgp\ACEplus_assignment\InboundInsurance\INBOUND_INSURANCE\target\classes\org\ace\insurance\inbound_insurance\service\impl\PremiumRateServiceImpl.class]: Unsatisfied dependency expressed through constructor parameter 0: Error creating bean with name 'premiumRateRepository' defined in org.ace.insurance.inbound_insurance.repository.PremiumRateRepository defined in @EnableJpaRepositories declared on JpaRepositoriesRegistrar.EnableJpaRepositoriesConfiguration: Could not create query for public abstract org.ace.insurance.inbound_insurance.entity.PremiumRate org.ace.insurance.inbound_insurance.repository.PremiumRateRepository.findPremiumRateByFromAgeAndToAgeAndPolicyDays(int,int); Reason: Validation failed for query for method public abstract org.ace.insurance.inbound_insurance.entity.PremiumRate org.ace.insurance.inbound_insurance.repository.PremiumRateRepository.findPremiumRateByFromAgeAndToAgeAndPolicyDays(int,int)
	at org.springframework.beans.factory.support.ConstructorResolver.createArgumentArray(ConstructorResolver.java:798)
	at org.springframework.beans.factory.support.ConstructorResolver.autowireConstructor(ConstructorResolver.java:237)
	at org.springframework.beans.factory.support.AbstractAutowireCapableBeanFactory.autowireConstructor(AbstractAutowireCapableBeanFactory.java:1354)
	at org.springframework.beans.factory.support.AbstractAutowireCapableBeanFactory.createBeanInstance(AbstractAutowireCapableBeanFactory.java:1191)
	at org.springframework.beans.factory.support.AbstractAutowireCapableBeanFactory.doCreateBean(AbstractAutowireCapableBeanFactory.java:561)
	at org.springframework.beans.factory.support.AbstractAutowireCapableBeanFactory.createBean(AbstractAutowireCapableBeanFactory.java:521)
	at org.springframework.beans.factory.support.AbstractBeanFactory.lambda$doGetBean$0(AbstractBeanFactory.java:325)
	at org.springframework.beans.factory.support.DefaultSingletonBeanRegistry.getSingleton(DefaultSingletonBeanRegistry.java:234)
	at org.springframework.beans.factory.support.AbstractBeanFactory.doGetBean(AbstractBeanFactory.java:323)
	at org.springframework.beans.factory.support.AbstractBeanFactory.getBean(AbstractBeanFactory.java:199)
	at org.springframework.beans.factory.support.DefaultListableBeanFactory.preInstantiateSingletons(DefaultListableBeanFactory.java:975)
	at org.springframework.context.support.AbstractApplicationContext.finishBeanFactoryInitialization(AbstractApplicationContext.java:959)
	at org.springframework.context.support.AbstractApplicationContext.refresh(AbstractApplicationContext.java:624)
	at org.springframework.boot.web.servlet.context.ServletWebServerApplicationContext.refresh(ServletWebServerApplicationContext.java:146)
	at org.springframework.boot.SpringApplication.refresh(SpringApplication.java:754)
	at org.springframework.boot.SpringApplication.refreshContext(SpringApplication.java:456)
	at org.springframework.boot.SpringApplication.run(SpringApplication.java:334)
	at org.springframework.boot.SpringApplication.run(SpringApplication.java:1354)
	at org.springframework.boot.SpringApplication.run(SpringApplication.java:1343)
	at org.ace.insurance.inbound_insurance.InboundInsuranceApplication.main(InboundInsuranceApplication.java:10)
Caused by: org.springframework.beans.factory.UnsatisfiedDependencyException: Error creating bean with name 'inboundProposalServiceImpl' defined in file [D:\tgp\ACEplus_assignment\InboundInsurance\INBOUND_INSURANCE\target\classes\org\ace\insurance\inbound_insurance\service\serviceImpl\InboundProposalServiceImpl.class]: Unsatisfied dependency expressed through constructor parameter 3: Error creating bean with name 'premiumRateServiceImpl' defined in file [D:\tgp\ACEplus_assignment\InboundInsurance\INBOUND_INSURANCE\target\classes\org\ace\insurance\inbound_insurance\service\impl\PremiumRateServiceImpl.class]: Unsatisfied dependency expressed through constructor parameter 0: Error creating bean with name 'premiumRateRepository' defined in org.ace.insurance.inbound_insurance.repository.PremiumRateRepository defined in @EnableJpaRepositories declared on JpaRepositoriesRegistrar.EnableJpaRepositoriesConfiguration: Could not create query for public abstract org.ace.insurance.inbound_insurance.entity.PremiumRate org.ace.insurance.inbound_insurance.repository.PremiumRateRepository.findPremiumRateByFromAgeAndToAgeAndPolicyDays(int,int); Reason: Validation failed for query for method public abstract org.ace.insurance.inbound_insurance.entity.PremiumRate org.ace.insurance.inbound_insurance.repository.PremiumRateRepository.findPremiumRateByFromAgeAndToAgeAndPolicyDays(int,int)
	at org.springframework.beans.factory.support.ConstructorResolver.createArgumentArray(ConstructorResolver.java:798)
	at org.springframework.beans.factory.support.ConstructorResolver.autowireConstructor(ConstructorResolver.java:237)
	at org.springframework.beans.factory.support.AbstractAutowireCapableBeanFactory.autowireConstructor(AbstractAutowireCapableBeanFactory.java:1354)
	at org.springframework.beans.factory.support.AbstractAutowireCapableBeanFactory.createBeanInstance(AbstractAutowireCapableBeanFactory.java:1191)
	at org.springframework.beans.factory.support.AbstractAutowireCapableBeanFactory.doCreateBean(AbstractAutowireCapableBeanFactory.java:561)
	at org.springframework.beans.factory.support.AbstractAutowireCapableBeanFactory.createBean(AbstractAutowireCapableBeanFactory.java:521)
	at org.springframework.beans.factory.support.AbstractBeanFactory.lambda$doGetBean$0(AbstractBeanFactory.java:325)
	at org.springframework.beans.factory.support.DefaultSingletonBeanRegistry.getSingleton(DefaultSingletonBeanRegistry.java:234)
	at org.springframework.beans.factory.support.AbstractBeanFactory.doGetBean(AbstractBeanFactory.java:323)
	at org.springframework.beans.factory.support.AbstractBeanFactory.getBean(AbstractBeanFactory.java:199)
	at org.springframework.beans.factory.config.DependencyDescriptor.resolveCandidate(DependencyDescriptor.java:254)
	at org.springframework.beans.factory.support.DefaultListableBeanFactory.doResolveDependency(DefaultListableBeanFactory.java:1443)
	at org.springframework.beans.factory.support.DefaultListableBeanFactory.resolveDependency(DefaultListableBeanFactory.java:1353)
	at org.springframework.beans.factory.support.ConstructorResolver.resolveAutowiredArgument(ConstructorResolver.java:907)
	at org.springframework.beans.factory.support.ConstructorResolver.createArgumentArray(ConstructorResolver.java:785)
	... 19 common frames omitted
Caused by: org.springframework.beans.factory.UnsatisfiedDependencyException: Error creating bean with name 'premiumRateServiceImpl' defined in file [D:\tgp\ACEplus_assignment\InboundInsurance\INBOUND_INSURANCE\target\classes\org\ace\insurance\inbound_insurance\service\impl\PremiumRateServiceImpl.class]: Unsatisfied dependency expressed through constructor parameter 0: Error creating bean with name 'premiumRateRepository' defined in org.ace.insurance.inbound_insurance.repository.PremiumRateRepository defined in @EnableJpaRepositories declared on JpaRepositoriesRegistrar.EnableJpaRepositoriesConfiguration: Could not create query for public abstract org.ace.insurance.inbound_insurance.entity.PremiumRate org.ace.insurance.inbound_insurance.repository.PremiumRateRepository.findPremiumRateByFromAgeAndToAgeAndPolicyDays(int,int); Reason: Validation failed for query for method public abstract org.ace.insurance.inbound_insurance.entity.PremiumRate org.ace.insurance.inbound_insurance.repository.PremiumRateRepository.findPremiumRateByFromAgeAndToAgeAndPolicyDays(int,int)
	at org.springframework.beans.factory.support.ConstructorResolver.createArgumentArray(ConstructorResolver.java:798)
	at org.springframework.beans.factory.support.ConstructorResolver.autowireConstructor(ConstructorResolver.java:237)
	at org.springframework.beans.factory.support.AbstractAutowireCapableBeanFactory.autowireConstructor(AbstractAutowireCapableBeanFactory.java:1354)
	at org.springframework.beans.factory.support.AbstractAutowireCapableBeanFactory.createBeanInstance(AbstractAutowireCapableBeanFactory.java:1191)
	at org.springframework.beans.factory.support.AbstractAutowireCapableBeanFactory.doCreateBean(AbstractAutowireCapableBeanFactory.java:561)
	at org.springframework.beans.factory.support.AbstractAutowireCapableBeanFactory.createBean(AbstractAutowireCapableBeanFactory.java:521)
	at org.springframework.beans.factory.support.AbstractBeanFactory.lambda$doGetBean$0(AbstractBeanFactory.java:325)
	at org.springframework.beans.factory.support.DefaultSingletonBeanRegistry.getSingleton(DefaultSingletonBeanRegistry.java:234)
	at org.springframework.beans.factory.support.AbstractBeanFactory.doGetBean(AbstractBeanFactory.java:323)
	at org.springframework.beans.factory.support.AbstractBeanFactory.getBean(AbstractBeanFactory.java:199)
	at org.springframework.beans.factory.config.DependencyDescriptor.resolveCandidate(DependencyDescriptor.java:254)
	at org.springframework.beans.factory.support.DefaultListableBeanFactory.doResolveDependency(DefaultListableBeanFactory.java:1443)
	at org.springframework.beans.factory.support.DefaultListableBeanFactory.resolveDependency(DefaultListableBeanFactory.java:1353)
	at org.springframework.beans.factory.support.ConstructorResolver.resolveAutowiredArgument(ConstructorResolver.java:907)
	at org.springframework.beans.factory.support.ConstructorResolver.createArgumentArray(ConstructorResolver.java:785)
	... 33 common frames omitted
Caused by: org.springframework.beans.factory.BeanCreationException: Error creating bean with name 'premiumRateRepository' defined in org.ace.insurance.inbound_insurance.repository.PremiumRateRepository defined in @EnableJpaRepositories declared on JpaRepositoriesRegistrar.EnableJpaRepositoriesConfiguration: Could not create query for public abstract org.ace.insurance.inbound_insurance.entity.PremiumRate org.ace.insurance.inbound_insurance.repository.PremiumRateRepository.findPremiumRateByFromAgeAndToAgeAndPolicyDays(int,int); Reason: Validation failed for query for method public abstract org.ace.insurance.inbound_insurance.entity.PremiumRate org.ace.insurance.inbound_insurance.repository.PremiumRateRepository.findPremiumRateByFromAgeAndToAgeAndPolicyDays(int,int)
	at org.springframework.beans.factory.support.AbstractAutowireCapableBeanFactory.initializeBean(AbstractAutowireCapableBeanFactory.java:1773)
	at org.springframework.beans.factory.support.AbstractAutowireCapableBeanFactory.doCreateBean(AbstractAutowireCapableBeanFactory.java:599)
	at org.springframework.beans.factory.support.AbstractAutowireCapableBeanFactory.createBean(AbstractAutowireCapableBeanFactory.java:521)
	at org.springframework.beans.factory.support.AbstractBeanFactory.lambda$doGetBean$0(AbstractBeanFactory.java:325)
	at org.springframework.beans.factory.support.DefaultSingletonBeanRegistry.getSingleton(DefaultSingletonBeanRegistry.java:234)
	at org.springframework.beans.factory.support.AbstractBeanFactory.doGetBean(AbstractBeanFactory.java:323)
	at org.springframework.beans.factory.support.AbstractBeanFactory.getBean(AbstractBeanFactory.java:199)
	at org.springframework.beans.factory.config.DependencyDescriptor.resolveCandidate(DependencyDescriptor.java:254)
	at org.springframework.beans.factory.support.DefaultListableBeanFactory.doResolveDependency(DefaultListableBeanFactory.java:1443)
	at org.springframework.beans.factory.support.DefaultListableBeanFactory.resolveDependency(DefaultListableBeanFactory.java:1353)
	at org.springframework.beans.factory.support.ConstructorResolver.resolveAutowiredArgument(ConstructorResolver.java:907)
	at org.springframework.beans.factory.support.ConstructorResolver.createArgumentArray(ConstructorResolver.java:785)
	... 47 common frames omitted
Caused by: org.springframework.data.repository.query.QueryCreationException: Could not create query for public abstract org.ace.insurance.inbound_insurance.entity.PremiumRate org.ace.insurance.inbound_insurance.repository.PremiumRateRepository.findPremiumRateByFromAgeAndToAgeAndPolicyDays(int,int); Reason: Validation failed for query for method public abstract org.ace.insurance.inbound_insurance.entity.PremiumRate org.ace.insurance.inbound_insurance.repository.PremiumRateRepository.findPremiumRateByFromAgeAndToAgeAndPolicyDays(int,int)
	at org.springframework.data.repository.query.QueryCreationException.create(QueryCreationException.java:101)
	at org.springframework.data.repository.core.support.QueryExecutorMethodInterceptor.lookupQuery(QueryExecutorMethodInterceptor.java:115)
	at org.springframework.data.repository.core.support.QueryExecutorMethodInterceptor.mapMethodsToQuery(QueryExecutorMethodInterceptor.java:99)
	at org.springframework.data.repository.core.support.QueryExecutorMethodInterceptor.lambda$new$0(QueryExecutorMethodInterceptor.java:88)
	at java.base/java.util.Optional.map(Optional.java:260)
	at org.springframework.data.repository.core.support.QueryExecutorMethodInterceptor.<init>(QueryExecutorMethodInterceptor.java:88)
	at org.springframework.data.repository.core.support.RepositoryFactorySupport.getRepository(RepositoryFactorySupport.java:357)
	at org.springframework.data.repository.core.support.RepositoryFactoryBeanSupport.lambda$afterPropertiesSet$5(RepositoryFactoryBeanSupport.java:279)
	at org.springframework.data.util.Lazy.getNullable(Lazy.java:135)
	at org.springframework.data.util.Lazy.get(Lazy.java:113)
	at org.springframework.data.repository.core.support.RepositoryFactoryBeanSupport.afterPropertiesSet(RepositoryFactoryBeanSupport.java:285)
	at org.springframework.data.jpa.repository.support.JpaRepositoryFactoryBean.afterPropertiesSet(JpaRepositoryFactoryBean.java:132)
	at org.springframework.beans.factory.support.AbstractAutowireCapableBeanFactory.invokeInitMethods(AbstractAutowireCapableBeanFactory.java:1820)
	at org.springframework.beans.factory.support.AbstractAutowireCapableBeanFactory.initializeBean(AbstractAutowireCapableBeanFactory.java:1769)
	... 58 common frames omitted
Caused by: java.lang.IllegalArgumentException: Validation failed for query for method public abstract org.ace.insurance.inbound_insurance.entity.PremiumRate org.ace.insurance.inbound_insurance.repository.PremiumRateRepository.findPremiumRateByFromAgeAndToAgeAndPolicyDays(int,int)
	at org.springframework.data.jpa.repository.query.SimpleJpaQuery.validateQuery(SimpleJpaQuery.java:100)
	at org.springframework.data.jpa.repository.query.SimpleJpaQuery.<init>(SimpleJpaQuery.java:70)
	at org.springframework.data.jpa.repository.query.JpaQueryFactory.fromMethodWithQueryString(JpaQueryFactory.java:60)
	at org.springframework.data.jpa.repository.query.JpaQueryLookupStrategy$DeclaredQueryLookupStrategy.resolveQuery(JpaQueryLookupStrategy.java:170)
	at org.springframework.data.jpa.repository.query.JpaQueryLookupStrategy$CreateIfNotFoundQueryLookupStrategy.resolveQuery(JpaQueryLookupStrategy.java:252)
	at org.springframework.data.jpa.repository.query.JpaQueryLookupStrategy$AbstractQueryLookupStrategy.resolveQuery(JpaQueryLookupStrategy.java:95)
	at org.springframework.data.repository.core.support.QueryExecutorMethodInterceptor.lookupQuery(QueryExecutorMethodInterceptor.java:111)
	... 70 common frames omitted
Caused by: java.lang.IllegalArgumentException: org.hibernate.query.SemanticException: Cannot compare left expression of type 'java.lang.Integer' with right expression of type 'java.time.LocalDate'
	at org.hibernate.internal.ExceptionConverterImpl.convert(ExceptionConverterImpl.java:143)
	at org.hibernate.internal.ExceptionConverterImpl.convert(ExceptionConverterImpl.java:167)
	at org.hibernate.internal.ExceptionConverterImpl.convert(ExceptionConverterImpl.java:173)
	at org.hibernate.internal.AbstractSharedSessionContract.createQuery(AbstractSharedSessionContract.java:827)
	at org.hibernate.internal.AbstractSharedSessionContract.createQuery(AbstractSharedSessionContract.java:732)
	at org.hibernate.internal.AbstractSharedSessionContract.createQuery(AbstractSharedSessionContract.java:133)
	at java.base/jdk.internal.reflect.NativeMethodAccessorImpl.invoke0(Native Method)
	at java.base/jdk.internal.reflect.NativeMethodAccessorImpl.invoke(NativeMethodAccessorImpl.java:77)
	at java.base/jdk.internal.reflect.DelegatingMethodAccessorImpl.invoke(DelegatingMethodAccessorImpl.java:43)
	at java.base/java.lang.reflect.Method.invoke(Method.java:568)
	at org.springframework.orm.jpa.ExtendedEntityManagerCreator$ExtendedEntityManagerInvocationHandler.invoke(ExtendedEntityManagerCreator.java:364)
	at jdk.proxy2/jdk.proxy2.$Proxy121.createQuery(Unknown Source)
	at org.springframework.data.jpa.repository.query.SimpleJpaQuery.validateQuery(SimpleJpaQuery.java:94)
	... 76 common frames omitted
Caused by: org.hibernate.query.SemanticException: Cannot compare left expression of type 'java.lang.Integer' with right expression of type 'java.time.LocalDate'
	at org.hibernate.query.sqm.internal.TypecheckUtil.assertComparable(TypecheckUtil.java:358)
	at org.hibernate.query.sqm.tree.predicate.SqmComparisonPredicate.<init>(SqmComparisonPredicate.java:48)
	at org.hibernate.query.sqm.tree.predicate.SqmComparisonPredicate.<init>(SqmComparisonPredicate.java:34)
	at org.hibernate.query.hql.internal.SemanticQueryBuilder.createComparisonPredicate(SemanticQueryBuilder.java:2448)
	at org.hibernate.query.hql.internal.SemanticQueryBuilder.visitComparisonPredicate(SemanticQueryBuilder.java:2392)
	at org.hibernate.query.hql.internal.SemanticQueryBuilder.visitComparisonPredicate(SemanticQueryBuilder.java:269)
	at org.hibernate.grammars.hql.HqlParser$ComparisonPredicateContext.accept(HqlParser.java:6164)
	at org.hibernate.query.hql.internal.SemanticQueryBuilder.visitAndPredicate(SemanticQueryBuilder.java:2262)
	at org.hibernate.query.hql.internal.SemanticQueryBuilder.visitAndPredicate(SemanticQueryBuilder.java:269)
	at org.hibernate.grammars.hql.HqlParser$AndPredicateContext.accept(HqlParser.java:6039)
	at org.hibernate.query.hql.internal.SemanticQueryBuilder.visitAndPredicate(SemanticQueryBuilder.java:2261)
	at org.hibernate.query.hql.internal.SemanticQueryBuilder.visitAndPredicate(SemanticQueryBuilder.java:269)
	at org.hibernate.grammars.hql.HqlParser$AndPredicateContext.accept(HqlParser.java:6039)
	at org.hibernate.query.hql.internal.SemanticQueryBuilder.visitAndPredicate(SemanticQueryBuilder.java:2261)
	at org.hibernate.query.hql.internal.SemanticQueryBuilder.visitAndPredicate(SemanticQueryBuilder.java:269)
	at org.hibernate.grammars.hql.HqlParser$AndPredicateContext.accept(HqlParser.java:6039)
	at org.hibernate.query.hql.internal.SemanticQueryBuilder.visitAndPredicate(SemanticQueryBuilder.java:2261)
	at org.hibernate.query.hql.internal.SemanticQueryBuilder.visitAndPredicate(SemanticQueryBuilder.java:269)
	at org.hibernate.grammars.hql.HqlParser$AndPredicateContext.accept(HqlParser.java:6039)
	at org.hibernate.query.hql.internal.SemanticQueryBuilder.visitWhereClause(SemanticQueryBuilder.java:2244)
	at org.hibernate.query.hql.internal.SemanticQueryBuilder.visitWhereClause(SemanticQueryBuilder.java:269)
	at org.hibernate.grammars.hql.HqlParser$WhereClauseContext.accept(HqlParser.java:5905)
	at org.hibernate.query.hql.internal.SemanticQueryBuilder.visitQuery(SemanticQueryBuilder.java:1159)
	at org.hibernate.query.hql.internal.SemanticQueryBuilder.visitQuerySpecExpression(SemanticQueryBuilder.java:941)
	at org.hibernate.query.hql.internal.SemanticQueryBuilder.visitQuerySpecExpression(SemanticQueryBuilder.java:269)
	at org.hibernate.grammars.hql.HqlParser$QuerySpecExpressionContext.accept(HqlParser.java:1869)
	at org.hibernate.query.hql.internal.SemanticQueryBuilder.visitSimpleQueryGroup(SemanticQueryBuilder.java:926)
	at org.hibernate.query.hql.internal.SemanticQueryBuilder.visitSimpleQueryGroup(SemanticQueryBuilder.java:269)
	at org.hibernate.grammars.hql.HqlParser$SimpleQueryGroupContext.accept(HqlParser.java:1740)
	at org.hibernate.query.hql.internal.SemanticQueryBuilder.visitSelectStatement(SemanticQueryBuilder.java:443)
	at org.hibernate.query.hql.internal.SemanticQueryBuilder.visitStatement(SemanticQueryBuilder.java:402)
	at org.hibernate.query.hql.internal.SemanticQueryBuilder.buildSemanticModel(SemanticQueryBuilder.java:311)
	at org.hibernate.query.hql.internal.StandardHqlTranslator.translate(StandardHqlTranslator.java:71)
	at org.hibernate.query.internal.QueryInterpretationCacheStandardImpl.createHqlInterpretation(QueryInterpretationCacheStandardImpl.java:165)
	at org.hibernate.query.internal.QueryInterpretationCacheStandardImpl.resolveHqlInterpretation(QueryInterpretationCacheStandardImpl.java:147)
	at org.hibernate.internal.AbstractSharedSessionContract.interpretHql(AbstractSharedSessionContract.java:769)
	at org.hibernate.internal.AbstractSharedSessionContract.createQuery(AbstractSharedSessionContract.java:819)
	... 85 common frames omitted
2024-02-13 10:07:32.409 [http-nio-8080-exec-3] [1;31mERROR[0;39m o.a.i.i.e.CustomExceptionHandler [org.ace.insurance.inbound_insurance.exception.CustomExceptionHandler.internalServerErrorException] - class java.lang.Double cannot be cast to class org.ace.insurance.inbound_insurance.entity.PremiumRate (java.lang.Double is in module java.base of loader 'bootstrap'; org.ace.insurance.inbound_insurance.entity.PremiumRate is in unnamed module of loader 'app')
2024-02-13 10:08:47.588 [main] [1;31mERROR[0;39m o.s.b.SpringApplication [org.springframework.boot.SpringApplication.reportFailure] - Application run failed
org.springframework.beans.factory.UnsatisfiedDependencyException: Error creating bean with name 'inboundProposalController' defined in file [D:\tgp\ACEplus_assignment\InboundInsurance\INBOUND_INSURANCE\target\classes\org\ace\insurance\inbound_insurance\controller\InboundProposalController.class]: Unsatisfied dependency expressed through constructor parameter 0: Error creating bean with name 'inboundProposalServiceImpl' defined in file [D:\tgp\ACEplus_assignment\InboundInsurance\INBOUND_INSURANCE\target\classes\org\ace\insurance\inbound_insurance\service\serviceImpl\InboundProposalServiceImpl.class]: Unsatisfied dependency expressed through constructor parameter 3: Error creating bean with name 'premiumRateServiceImpl' defined in file [D:\tgp\ACEplus_assignment\InboundInsurance\INBOUND_INSURANCE\target\classes\org\ace\insurance\inbound_insurance\service\impl\PremiumRateServiceImpl.class]: Unsatisfied dependency expressed through constructor parameter 0: Error creating bean with name 'premiumRateRepository' defined in org.ace.insurance.inbound_insurance.repository.PremiumRateRepository defined in @EnableJpaRepositories declared on JpaRepositoriesRegistrar.EnableJpaRepositoriesConfiguration: Could not create query for public abstract org.ace.insurance.inbound_insurance.entity.PremiumRate org.ace.insurance.inbound_insurance.repository.PremiumRateRepository.findPremiumRateByFromAgeAndToAgeAndPolicyDays(int,int); Reason: Validation failed for query for method public abstract org.ace.insurance.inbound_insurance.entity.PremiumRate org.ace.insurance.inbound_insurance.repository.PremiumRateRepository.findPremiumRateByFromAgeAndToAgeAndPolicyDays(int,int)
	at org.springframework.beans.factory.support.ConstructorResolver.createArgumentArray(ConstructorResolver.java:798)
	at org.springframework.beans.factory.support.ConstructorResolver.autowireConstructor(ConstructorResolver.java:237)
	at org.springframework.beans.factory.support.AbstractAutowireCapableBeanFactory.autowireConstructor(AbstractAutowireCapableBeanFactory.java:1354)
	at org.springframework.beans.factory.support.AbstractAutowireCapableBeanFactory.createBeanInstance(AbstractAutowireCapableBeanFactory.java:1191)
	at org.springframework.beans.factory.support.AbstractAutowireCapableBeanFactory.doCreateBean(AbstractAutowireCapableBeanFactory.java:561)
	at org.springframework.beans.factory.support.AbstractAutowireCapableBeanFactory.createBean(AbstractAutowireCapableBeanFactory.java:521)
	at org.springframework.beans.factory.support.AbstractBeanFactory.lambda$doGetBean$0(AbstractBeanFactory.java:325)
	at org.springframework.beans.factory.support.DefaultSingletonBeanRegistry.getSingleton(DefaultSingletonBeanRegistry.java:234)
	at org.springframework.beans.factory.support.AbstractBeanFactory.doGetBean(AbstractBeanFactory.java:323)
	at org.springframework.beans.factory.support.AbstractBeanFactory.getBean(AbstractBeanFactory.java:199)
	at org.springframework.beans.factory.support.DefaultListableBeanFactory.preInstantiateSingletons(DefaultListableBeanFactory.java:975)
	at org.springframework.context.support.AbstractApplicationContext.finishBeanFactoryInitialization(AbstractApplicationContext.java:959)
	at org.springframework.context.support.AbstractApplicationContext.refresh(AbstractApplicationContext.java:624)
	at org.springframework.boot.web.servlet.context.ServletWebServerApplicationContext.refresh(ServletWebServerApplicationContext.java:146)
	at org.springframework.boot.SpringApplication.refresh(SpringApplication.java:754)
	at org.springframework.boot.SpringApplication.refreshContext(SpringApplication.java:456)
	at org.springframework.boot.SpringApplication.run(SpringApplication.java:334)
	at org.springframework.boot.SpringApplication.run(SpringApplication.java:1354)
	at org.springframework.boot.SpringApplication.run(SpringApplication.java:1343)
	at org.ace.insurance.inbound_insurance.InboundInsuranceApplication.main(InboundInsuranceApplication.java:10)
Caused by: org.springframework.beans.factory.UnsatisfiedDependencyException: Error creating bean with name 'inboundProposalServiceImpl' defined in file [D:\tgp\ACEplus_assignment\InboundInsurance\INBOUND_INSURANCE\target\classes\org\ace\insurance\inbound_insurance\service\serviceImpl\InboundProposalServiceImpl.class]: Unsatisfied dependency expressed through constructor parameter 3: Error creating bean with name 'premiumRateServiceImpl' defined in file [D:\tgp\ACEplus_assignment\InboundInsurance\INBOUND_INSURANCE\target\classes\org\ace\insurance\inbound_insurance\service\impl\PremiumRateServiceImpl.class]: Unsatisfied dependency expressed through constructor parameter 0: Error creating bean with name 'premiumRateRepository' defined in org.ace.insurance.inbound_insurance.repository.PremiumRateRepository defined in @EnableJpaRepositories declared on JpaRepositoriesRegistrar.EnableJpaRepositoriesConfiguration: Could not create query for public abstract org.ace.insurance.inbound_insurance.entity.PremiumRate org.ace.insurance.inbound_insurance.repository.PremiumRateRepository.findPremiumRateByFromAgeAndToAgeAndPolicyDays(int,int); Reason: Validation failed for query for method public abstract org.ace.insurance.inbound_insurance.entity.PremiumRate org.ace.insurance.inbound_insurance.repository.PremiumRateRepository.findPremiumRateByFromAgeAndToAgeAndPolicyDays(int,int)
	at org.springframework.beans.factory.support.ConstructorResolver.createArgumentArray(ConstructorResolver.java:798)
	at org.springframework.beans.factory.support.ConstructorResolver.autowireConstructor(ConstructorResolver.java:237)
	at org.springframework.beans.factory.support.AbstractAutowireCapableBeanFactory.autowireConstructor(AbstractAutowireCapableBeanFactory.java:1354)
	at org.springframework.beans.factory.support.AbstractAutowireCapableBeanFactory.createBeanInstance(AbstractAutowireCapableBeanFactory.java:1191)
	at org.springframework.beans.factory.support.AbstractAutowireCapableBeanFactory.doCreateBean(AbstractAutowireCapableBeanFactory.java:561)
	at org.springframework.beans.factory.support.AbstractAutowireCapableBeanFactory.createBean(AbstractAutowireCapableBeanFactory.java:521)
	at org.springframework.beans.factory.support.AbstractBeanFactory.lambda$doGetBean$0(AbstractBeanFactory.java:325)
	at org.springframework.beans.factory.support.DefaultSingletonBeanRegistry.getSingleton(DefaultSingletonBeanRegistry.java:234)
	at org.springframework.beans.factory.support.AbstractBeanFactory.doGetBean(AbstractBeanFactory.java:323)
	at org.springframework.beans.factory.support.AbstractBeanFactory.getBean(AbstractBeanFactory.java:199)
	at org.springframework.beans.factory.config.DependencyDescriptor.resolveCandidate(DependencyDescriptor.java:254)
	at org.springframework.beans.factory.support.DefaultListableBeanFactory.doResolveDependency(DefaultListableBeanFactory.java:1443)
	at org.springframework.beans.factory.support.DefaultListableBeanFactory.resolveDependency(DefaultListableBeanFactory.java:1353)
	at org.springframework.beans.factory.support.ConstructorResolver.resolveAutowiredArgument(ConstructorResolver.java:907)
	at org.springframework.beans.factory.support.ConstructorResolver.createArgumentArray(ConstructorResolver.java:785)
	... 19 common frames omitted
Caused by: org.springframework.beans.factory.UnsatisfiedDependencyException: Error creating bean with name 'premiumRateServiceImpl' defined in file [D:\tgp\ACEplus_assignment\InboundInsurance\INBOUND_INSURANCE\target\classes\org\ace\insurance\inbound_insurance\service\impl\PremiumRateServiceImpl.class]: Unsatisfied dependency expressed through constructor parameter 0: Error creating bean with name 'premiumRateRepository' defined in org.ace.insurance.inbound_insurance.repository.PremiumRateRepository defined in @EnableJpaRepositories declared on JpaRepositoriesRegistrar.EnableJpaRepositoriesConfiguration: Could not create query for public abstract org.ace.insurance.inbound_insurance.entity.PremiumRate org.ace.insurance.inbound_insurance.repository.PremiumRateRepository.findPremiumRateByFromAgeAndToAgeAndPolicyDays(int,int); Reason: Validation failed for query for method public abstract org.ace.insurance.inbound_insurance.entity.PremiumRate org.ace.insurance.inbound_insurance.repository.PremiumRateRepository.findPremiumRateByFromAgeAndToAgeAndPolicyDays(int,int)
	at org.springframework.beans.factory.support.ConstructorResolver.createArgumentArray(ConstructorResolver.java:798)
	at org.springframework.beans.factory.support.ConstructorResolver.autowireConstructor(ConstructorResolver.java:237)
	at org.springframework.beans.factory.support.AbstractAutowireCapableBeanFactory.autowireConstructor(AbstractAutowireCapableBeanFactory.java:1354)
	at org.springframework.beans.factory.support.AbstractAutowireCapableBeanFactory.createBeanInstance(AbstractAutowireCapableBeanFactory.java:1191)
	at org.springframework.beans.factory.support.AbstractAutowireCapableBeanFactory.doCreateBean(AbstractAutowireCapableBeanFactory.java:561)
	at org.springframework.beans.factory.support.AbstractAutowireCapableBeanFactory.createBean(AbstractAutowireCapableBeanFactory.java:521)
	at org.springframework.beans.factory.support.AbstractBeanFactory.lambda$doGetBean$0(AbstractBeanFactory.java:325)
	at org.springframework.beans.factory.support.DefaultSingletonBeanRegistry.getSingleton(DefaultSingletonBeanRegistry.java:234)
	at org.springframework.beans.factory.support.AbstractBeanFactory.doGetBean(AbstractBeanFactory.java:323)
	at org.springframework.beans.factory.support.AbstractBeanFactory.getBean(AbstractBeanFactory.java:199)
	at org.springframework.beans.factory.config.DependencyDescriptor.resolveCandidate(DependencyDescriptor.java:254)
	at org.springframework.beans.factory.support.DefaultListableBeanFactory.doResolveDependency(DefaultListableBeanFactory.java:1443)
	at org.springframework.beans.factory.support.DefaultListableBeanFactory.resolveDependency(DefaultListableBeanFactory.java:1353)
	at org.springframework.beans.factory.support.ConstructorResolver.resolveAutowiredArgument(ConstructorResolver.java:907)
	at org.springframework.beans.factory.support.ConstructorResolver.createArgumentArray(ConstructorResolver.java:785)
	... 33 common frames omitted
Caused by: org.springframework.beans.factory.BeanCreationException: Error creating bean with name 'premiumRateRepository' defined in org.ace.insurance.inbound_insurance.repository.PremiumRateRepository defined in @EnableJpaRepositories declared on JpaRepositoriesRegistrar.EnableJpaRepositoriesConfiguration: Could not create query for public abstract org.ace.insurance.inbound_insurance.entity.PremiumRate org.ace.insurance.inbound_insurance.repository.PremiumRateRepository.findPremiumRateByFromAgeAndToAgeAndPolicyDays(int,int); Reason: Validation failed for query for method public abstract org.ace.insurance.inbound_insurance.entity.PremiumRate org.ace.insurance.inbound_insurance.repository.PremiumRateRepository.findPremiumRateByFromAgeAndToAgeAndPolicyDays(int,int)
	at org.springframework.beans.factory.support.AbstractAutowireCapableBeanFactory.initializeBean(AbstractAutowireCapableBeanFactory.java:1773)
	at org.springframework.beans.factory.support.AbstractAutowireCapableBeanFactory.doCreateBean(AbstractAutowireCapableBeanFactory.java:599)
	at org.springframework.beans.factory.support.AbstractAutowireCapableBeanFactory.createBean(AbstractAutowireCapableBeanFactory.java:521)
	at org.springframework.beans.factory.support.AbstractBeanFactory.lambda$doGetBean$0(AbstractBeanFactory.java:325)
	at org.springframework.beans.factory.support.DefaultSingletonBeanRegistry.getSingleton(DefaultSingletonBeanRegistry.java:234)
	at org.springframework.beans.factory.support.AbstractBeanFactory.doGetBean(AbstractBeanFactory.java:323)
	at org.springframework.beans.factory.support.AbstractBeanFactory.getBean(AbstractBeanFactory.java:199)
	at org.springframework.beans.factory.config.DependencyDescriptor.resolveCandidate(DependencyDescriptor.java:254)
	at org.springframework.beans.factory.support.DefaultListableBeanFactory.doResolveDependency(DefaultListableBeanFactory.java:1443)
	at org.springframework.beans.factory.support.DefaultListableBeanFactory.resolveDependency(DefaultListableBeanFactory.java:1353)
	at org.springframework.beans.factory.support.ConstructorResolver.resolveAutowiredArgument(ConstructorResolver.java:907)
	at org.springframework.beans.factory.support.ConstructorResolver.createArgumentArray(ConstructorResolver.java:785)
	... 47 common frames omitted
Caused by: org.springframework.data.repository.query.QueryCreationException: Could not create query for public abstract org.ace.insurance.inbound_insurance.entity.PremiumRate org.ace.insurance.inbound_insurance.repository.PremiumRateRepository.findPremiumRateByFromAgeAndToAgeAndPolicyDays(int,int); Reason: Validation failed for query for method public abstract org.ace.insurance.inbound_insurance.entity.PremiumRate org.ace.insurance.inbound_insurance.repository.PremiumRateRepository.findPremiumRateByFromAgeAndToAgeAndPolicyDays(int,int)
	at org.springframework.data.repository.query.QueryCreationException.create(QueryCreationException.java:101)
	at org.springframework.data.repository.core.support.QueryExecutorMethodInterceptor.lookupQuery(QueryExecutorMethodInterceptor.java:115)
	at org.springframework.data.repository.core.support.QueryExecutorMethodInterceptor.mapMethodsToQuery(QueryExecutorMethodInterceptor.java:99)
	at org.springframework.data.repository.core.support.QueryExecutorMethodInterceptor.lambda$new$0(QueryExecutorMethodInterceptor.java:88)
	at java.base/java.util.Optional.map(Optional.java:260)
	at org.springframework.data.repository.core.support.QueryExecutorMethodInterceptor.<init>(QueryExecutorMethodInterceptor.java:88)
	at org.springframework.data.repository.core.support.RepositoryFactorySupport.getRepository(RepositoryFactorySupport.java:357)
	at org.springframework.data.repository.core.support.RepositoryFactoryBeanSupport.lambda$afterPropertiesSet$5(RepositoryFactoryBeanSupport.java:279)
	at org.springframework.data.util.Lazy.getNullable(Lazy.java:135)
	at org.springframework.data.util.Lazy.get(Lazy.java:113)
	at org.springframework.data.repository.core.support.RepositoryFactoryBeanSupport.afterPropertiesSet(RepositoryFactoryBeanSupport.java:285)
	at org.springframework.data.jpa.repository.support.JpaRepositoryFactoryBean.afterPropertiesSet(JpaRepositoryFactoryBean.java:132)
	at org.springframework.beans.factory.support.AbstractAutowireCapableBeanFactory.invokeInitMethods(AbstractAutowireCapableBeanFactory.java:1820)
	at org.springframework.beans.factory.support.AbstractAutowireCapableBeanFactory.initializeBean(AbstractAutowireCapableBeanFactory.java:1769)
	... 58 common frames omitted
Caused by: java.lang.IllegalArgumentException: Validation failed for query for method public abstract org.ace.insurance.inbound_insurance.entity.PremiumRate org.ace.insurance.inbound_insurance.repository.PremiumRateRepository.findPremiumRateByFromAgeAndToAgeAndPolicyDays(int,int)
	at org.springframework.data.jpa.repository.query.SimpleJpaQuery.validateQuery(SimpleJpaQuery.java:100)
	at org.springframework.data.jpa.repository.query.SimpleJpaQuery.<init>(SimpleJpaQuery.java:70)
	at org.springframework.data.jpa.repository.query.JpaQueryFactory.fromMethodWithQueryString(JpaQueryFactory.java:60)
	at org.springframework.data.jpa.repository.query.JpaQueryLookupStrategy$DeclaredQueryLookupStrategy.resolveQuery(JpaQueryLookupStrategy.java:170)
	at org.springframework.data.jpa.repository.query.JpaQueryLookupStrategy$CreateIfNotFoundQueryLookupStrategy.resolveQuery(JpaQueryLookupStrategy.java:252)
	at org.springframework.data.jpa.repository.query.JpaQueryLookupStrategy$AbstractQueryLookupStrategy.resolveQuery(JpaQueryLookupStrategy.java:95)
	at org.springframework.data.repository.core.support.QueryExecutorMethodInterceptor.lookupQuery(QueryExecutorMethodInterceptor.java:111)
	... 70 common frames omitted
Caused by: java.lang.IllegalArgumentException: org.hibernate.query.SemanticException: Cannot compare left expression of type 'java.lang.Integer' with right expression of type 'java.time.LocalDate'
	at org.hibernate.internal.ExceptionConverterImpl.convert(ExceptionConverterImpl.java:143)
	at org.hibernate.internal.ExceptionConverterImpl.convert(ExceptionConverterImpl.java:167)
	at org.hibernate.internal.ExceptionConverterImpl.convert(ExceptionConverterImpl.java:173)
	at org.hibernate.internal.AbstractSharedSessionContract.createQuery(AbstractSharedSessionContract.java:827)
	at org.hibernate.internal.AbstractSharedSessionContract.createQuery(AbstractSharedSessionContract.java:732)
	at org.hibernate.internal.AbstractSharedSessionContract.createQuery(AbstractSharedSessionContract.java:133)
	at java.base/jdk.internal.reflect.NativeMethodAccessorImpl.invoke0(Native Method)
	at java.base/jdk.internal.reflect.NativeMethodAccessorImpl.invoke(NativeMethodAccessorImpl.java:77)
	at java.base/jdk.internal.reflect.DelegatingMethodAccessorImpl.invoke(DelegatingMethodAccessorImpl.java:43)
	at java.base/java.lang.reflect.Method.invoke(Method.java:568)
	at org.springframework.orm.jpa.ExtendedEntityManagerCreator$ExtendedEntityManagerInvocationHandler.invoke(ExtendedEntityManagerCreator.java:364)
	at jdk.proxy2/jdk.proxy2.$Proxy121.createQuery(Unknown Source)
	at org.springframework.data.jpa.repository.query.SimpleJpaQuery.validateQuery(SimpleJpaQuery.java:94)
	... 76 common frames omitted
Caused by: org.hibernate.query.SemanticException: Cannot compare left expression of type 'java.lang.Integer' with right expression of type 'java.time.LocalDate'
	at org.hibernate.query.sqm.internal.TypecheckUtil.assertComparable(TypecheckUtil.java:358)
	at org.hibernate.query.sqm.tree.predicate.SqmComparisonPredicate.<init>(SqmComparisonPredicate.java:48)
	at org.hibernate.query.sqm.tree.predicate.SqmComparisonPredicate.<init>(SqmComparisonPredicate.java:34)
	at org.hibernate.query.hql.internal.SemanticQueryBuilder.createComparisonPredicate(SemanticQueryBuilder.java:2448)
	at org.hibernate.query.hql.internal.SemanticQueryBuilder.visitComparisonPredicate(SemanticQueryBuilder.java:2392)
	at org.hibernate.query.hql.internal.SemanticQueryBuilder.visitComparisonPredicate(SemanticQueryBuilder.java:269)
	at org.hibernate.grammars.hql.HqlParser$ComparisonPredicateContext.accept(HqlParser.java:6164)
	at org.hibernate.query.hql.internal.SemanticQueryBuilder.visitAndPredicate(SemanticQueryBuilder.java:2262)
	at org.hibernate.query.hql.internal.SemanticQueryBuilder.visitAndPredicate(SemanticQueryBuilder.java:269)
	at org.hibernate.grammars.hql.HqlParser$AndPredicateContext.accept(HqlParser.java:6039)
	at org.hibernate.query.hql.internal.SemanticQueryBuilder.visitAndPredicate(SemanticQueryBuilder.java:2261)
	at org.hibernate.query.hql.internal.SemanticQueryBuilder.visitAndPredicate(SemanticQueryBuilder.java:269)
	at org.hibernate.grammars.hql.HqlParser$AndPredicateContext.accept(HqlParser.java:6039)
	at org.hibernate.query.hql.internal.SemanticQueryBuilder.visitAndPredicate(SemanticQueryBuilder.java:2261)
	at org.hibernate.query.hql.internal.SemanticQueryBuilder.visitAndPredicate(SemanticQueryBuilder.java:269)
	at org.hibernate.grammars.hql.HqlParser$AndPredicateContext.accept(HqlParser.java:6039)
	at org.hibernate.query.hql.internal.SemanticQueryBuilder.visitAndPredicate(SemanticQueryBuilder.java:2261)
	at org.hibernate.query.hql.internal.SemanticQueryBuilder.visitAndPredicate(SemanticQueryBuilder.java:269)
	at org.hibernate.grammars.hql.HqlParser$AndPredicateContext.accept(HqlParser.java:6039)
	at org.hibernate.query.hql.internal.SemanticQueryBuilder.visitWhereClause(SemanticQueryBuilder.java:2244)
	at org.hibernate.query.hql.internal.SemanticQueryBuilder.visitWhereClause(SemanticQueryBuilder.java:269)
	at org.hibernate.grammars.hql.HqlParser$WhereClauseContext.accept(HqlParser.java:5905)
	at org.hibernate.query.hql.internal.SemanticQueryBuilder.visitQuery(SemanticQueryBuilder.java:1159)
	at org.hibernate.query.hql.internal.SemanticQueryBuilder.visitQuerySpecExpression(SemanticQueryBuilder.java:941)
	at org.hibernate.query.hql.internal.SemanticQueryBuilder.visitQuerySpecExpression(SemanticQueryBuilder.java:269)
	at org.hibernate.grammars.hql.HqlParser$QuerySpecExpressionContext.accept(HqlParser.java:1869)
	at org.hibernate.query.hql.internal.SemanticQueryBuilder.visitSimpleQueryGroup(SemanticQueryBuilder.java:926)
	at org.hibernate.query.hql.internal.SemanticQueryBuilder.visitSimpleQueryGroup(SemanticQueryBuilder.java:269)
	at org.hibernate.grammars.hql.HqlParser$SimpleQueryGroupContext.accept(HqlParser.java:1740)
	at org.hibernate.query.hql.internal.SemanticQueryBuilder.visitSelectStatement(SemanticQueryBuilder.java:443)
	at org.hibernate.query.hql.internal.SemanticQueryBuilder.visitStatement(SemanticQueryBuilder.java:402)
	at org.hibernate.query.hql.internal.SemanticQueryBuilder.buildSemanticModel(SemanticQueryBuilder.java:311)
	at org.hibernate.query.hql.internal.StandardHqlTranslator.translate(StandardHqlTranslator.java:71)
	at org.hibernate.query.internal.QueryInterpretationCacheStandardImpl.createHqlInterpretation(QueryInterpretationCacheStandardImpl.java:165)
	at org.hibernate.query.internal.QueryInterpretationCacheStandardImpl.resolveHqlInterpretation(QueryInterpretationCacheStandardImpl.java:147)
	at org.hibernate.internal.AbstractSharedSessionContract.interpretHql(AbstractSharedSessionContract.java:769)
	at org.hibernate.internal.AbstractSharedSessionContract.createQuery(AbstractSharedSessionContract.java:819)
	... 85 common frames omitted
2024-02-13 10:09:40.324 [http-nio-8080-exec-4] [1;31mERROR[0;39m o.a.i.i.e.CustomExceptionHandler [org.ace.insurance.inbound_insurance.exception.CustomExceptionHandler.internalServerErrorException] - class java.lang.Double cannot be cast to class org.ace.insurance.inbound_insurance.entity.PremiumRate (java.lang.Double is in module java.base of loader 'bootstrap'; org.ace.insurance.inbound_insurance.entity.PremiumRate is in unnamed module of loader 'app')
2024-02-13 10:18:00.746 [http-nio-8080-exec-2] [1;31mERROR[0;39m o.a.i.i.e.CustomExceptionHandler [org.ace.insurance.inbound_insurance.exception.CustomExceptionHandler.internalServerErrorException] - class java.lang.Double cannot be cast to class org.ace.insurance.inbound_insurance.entity.PremiumRate (java.lang.Double is in module java.base of loader 'bootstrap'; org.ace.insurance.inbound_insurance.entity.PremiumRate is in unnamed module of loader 'app')
2024-02-13 10:18:39.150 [http-nio-8080-exec-2] [1;31mERROR[0;39m o.a.i.i.e.CustomExceptionHandler [org.ace.insurance.inbound_insurance.exception.CustomExceptionHandler.internalServerErrorException] - class java.lang.Double cannot be cast to class org.ace.insurance.inbound_insurance.entity.PremiumRate (java.lang.Double is in module java.base of loader 'bootstrap'; org.ace.insurance.inbound_insurance.entity.PremiumRate is in unnamed module of loader 'app')
2024-02-13 10:18:59.719 [http-nio-8080-exec-2] [1;31mERROR[0;39m o.a.i.i.e.CustomExceptionHandler [org.ace.insurance.inbound_insurance.exception.CustomExceptionHandler.internalServerErrorException] - class java.lang.Double cannot be cast to class org.ace.insurance.inbound_insurance.entity.PremiumRate (java.lang.Double is in module java.base of loader 'bootstrap'; org.ace.insurance.inbound_insurance.entity.PremiumRate is in unnamed module of loader 'app')
2024-02-13 10:30:35.015 [http-nio-8080-exec-1] [1;31mERROR[0;39m o.a.i.i.e.CustomExceptionHandler [org.ace.insurance.inbound_insurance.exception.CustomExceptionHandler.internalServerErrorException] - class java.lang.Double cannot be cast to class org.ace.insurance.inbound_insurance.entity.PremiumRate (java.lang.Double is in module java.base of loader 'bootstrap'; org.ace.insurance.inbound_insurance.entity.PremiumRate is in unnamed module of loader 'app')
2024-02-13 11:23:26.662 [http-nio-8080-exec-2] [1;31mERROR[0;39m o.a.i.i.e.CustomExceptionHandler [org.ace.insurance.inbound_insurance.exception.CustomExceptionHandler.internalServerErrorException] - The given id must not be null
2024-02-13 11:24:24.912 [http-nio-8080-exec-4] [1;31mERROR[0;39m o.a.i.i.e.CustomExceptionHandler [org.ace.insurance.inbound_insurance.exception.CustomExceptionHandler.internalServerErrorException] - The given id must not be null
2024-02-13 11:27:12.458 [http-nio-8080-exec-1] [1;31mERROR[0;39m o.a.i.i.e.CustomExceptionHandler [org.ace.insurance.inbound_insurance.exception.CustomExceptionHandler.internalServerErrorException] - The given id must not be null
2024-02-13 11:27:33.972 [http-nio-8080-exec-2] [1;31mERROR[0;39m o.a.i.i.e.CustomExceptionHandler [org.ace.insurance.inbound_insurance.exception.CustomExceptionHandler.internalServerErrorException] - The given id must not be null
2024-02-13 11:35:55.185 [http-nio-8080-exec-4] [1;31mERROR[0;39m o.a.i.i.e.CustomExceptionHandler [org.ace.insurance.inbound_insurance.exception.CustomExceptionHandler.internalServerErrorException] - The given id must not be null
2024-02-13 11:38:41.444 [http-nio-8080-exec-2] [1;31mERROR[0;39m o.a.i.i.e.CustomExceptionHandler [org.ace.insurance.inbound_insurance.exception.CustomExceptionHandler.internalServerErrorException] - The given id must not be null
2024-02-13 11:44:52.694 [main] [1;31mERROR[0;39m o.s.o.j.LocalContainerEntityManagerFactoryBean [org.springframework.orm.jpa.AbstractEntityManagerFactoryBean.buildNativeEntityManagerFactory] - Failed to initialize JPA EntityManagerFactory: Property 'org.ace.insurance.inbound_insurance.entity.InboundProposal.agent' is a '@ManyToOne' association and may not use '@Column' to specify column mappings (use '@JoinColumn' instead)
2024-02-13 11:44:52.780 [main] [1;31mERROR[0;39m o.s.b.SpringApplication [org.springframework.boot.SpringApplication.reportFailure] - Application run failed
org.springframework.beans.factory.BeanCreationException: Error creating bean with name 'entityManagerFactory' defined in class path resource [org/springframework/boot/autoconfigure/orm/jpa/HibernateJpaConfiguration.class]: Property 'org.ace.insurance.inbound_insurance.entity.InboundProposal.agent' is a '@ManyToOne' association and may not use '@Column' to specify column mappings (use '@JoinColumn' instead)
	at org.springframework.beans.factory.support.AbstractAutowireCapableBeanFactory.initializeBean(AbstractAutowireCapableBeanFactory.java:1773)
	at org.springframework.beans.factory.support.AbstractAutowireCapableBeanFactory.doCreateBean(AbstractAutowireCapableBeanFactory.java:599)
	at org.springframework.beans.factory.support.AbstractAutowireCapableBeanFactory.createBean(AbstractAutowireCapableBeanFactory.java:521)
	at org.springframework.beans.factory.support.AbstractBeanFactory.lambda$doGetBean$0(AbstractBeanFactory.java:325)
	at org.springframework.beans.factory.support.DefaultSingletonBeanRegistry.getSingleton(DefaultSingletonBeanRegistry.java:234)
	at org.springframework.beans.factory.support.AbstractBeanFactory.doGetBean(AbstractBeanFactory.java:323)
	at org.springframework.beans.factory.support.AbstractBeanFactory.getBean(AbstractBeanFactory.java:199)
	at org.springframework.context.support.AbstractApplicationContext.getBean(AbstractApplicationContext.java:1231)
	at org.springframework.context.support.AbstractApplicationContext.finishBeanFactoryInitialization(AbstractApplicationContext.java:949)
	at org.springframework.context.support.AbstractApplicationContext.refresh(AbstractApplicationContext.java:624)
	at org.springframework.boot.web.servlet.context.ServletWebServerApplicationContext.refresh(ServletWebServerApplicationContext.java:146)
	at org.springframework.boot.SpringApplication.refresh(SpringApplication.java:754)
	at org.springframework.boot.SpringApplication.refreshContext(SpringApplication.java:456)
	at org.springframework.boot.SpringApplication.run(SpringApplication.java:334)
	at org.springframework.boot.SpringApplication.run(SpringApplication.java:1354)
	at org.springframework.boot.SpringApplication.run(SpringApplication.java:1343)
	at org.ace.insurance.inbound_insurance.InboundInsuranceApplication.main(InboundInsuranceApplication.java:10)
Caused by: org.hibernate.AnnotationException: Property 'org.ace.insurance.inbound_insurance.entity.InboundProposal.agent' is a '@ManyToOne' association and may not use '@Column' to specify column mappings (use '@JoinColumn' instead)
	at org.hibernate.boot.model.internal.ToOneBinder.bindManyToOne(ToOneBinder.java:94)
	at org.hibernate.boot.model.internal.PropertyBinder.bindProperty(PropertyBinder.java:835)
	at org.hibernate.boot.model.internal.PropertyBinder.buildProperty(PropertyBinder.java:788)
	at org.hibernate.boot.model.internal.PropertyBinder.processElementAnnotations(PropertyBinder.java:709)
	at org.hibernate.boot.model.internal.EntityBinder.processIdPropertiesIfNotAlready(EntityBinder.java:1026)
	at org.hibernate.boot.model.internal.EntityBinder.handleIdentifier(EntityBinder.java:354)
	at org.hibernate.boot.model.internal.EntityBinder.bindEntityClass(EntityBinder.java:234)
	at org.hibernate.boot.model.internal.AnnotationBinder.bindClass(AnnotationBinder.java:423)
	at org.hibernate.boot.model.source.internal.annotations.AnnotationMetadataSourceProcessorImpl.processEntityHierarchies(AnnotationMetadataSourceProcessorImpl.java:256)
	at org.hibernate.boot.model.process.spi.MetadataBuildingProcess$1.processEntityHierarchies(MetadataBuildingProcess.java:279)
	at org.hibernate.boot.model.process.spi.MetadataBuildingProcess.complete(MetadataBuildingProcess.java:322)
	at org.hibernate.jpa.boot.internal.EntityManagerFactoryBuilderImpl.metadata(EntityManagerFactoryBuilderImpl.java:1432)
	at org.hibernate.jpa.boot.internal.EntityManagerFactoryBuilderImpl.build(EntityManagerFactoryBuilderImpl.java:1503)
	at org.springframework.orm.jpa.vendor.SpringHibernateJpaPersistenceProvider.createContainerEntityManagerFactory(SpringHibernateJpaPersistenceProvider.java:75)
	at org.springframework.orm.jpa.LocalContainerEntityManagerFactoryBean.createNativeEntityManagerFactory(LocalContainerEntityManagerFactoryBean.java:376)
	at org.springframework.orm.jpa.AbstractEntityManagerFactoryBean.buildNativeEntityManagerFactory(AbstractEntityManagerFactoryBean.java:409)
	at org.springframework.orm.jpa.AbstractEntityManagerFactoryBean.afterPropertiesSet(AbstractEntityManagerFactoryBean.java:396)
	at org.springframework.orm.jpa.LocalContainerEntityManagerFactoryBean.afterPropertiesSet(LocalContainerEntityManagerFactoryBean.java:352)
	at org.springframework.beans.factory.support.AbstractAutowireCapableBeanFactory.invokeInitMethods(AbstractAutowireCapableBeanFactory.java:1820)
	at org.springframework.beans.factory.support.AbstractAutowireCapableBeanFactory.initializeBean(AbstractAutowireCapableBeanFactory.java:1769)
	... 16 common frames omitted
