2024-02-16 00:10:08.656 [main] [34mINFO [0;39m o.a.i.i.InboundInsuranceApplication [org.springframework.boot.StartupInfoLogger.logStarting] - Starting InboundInsuranceApplication using Java 17.0.2 with PID 6320 (D:\tgp\ACEplus_assignment\InboundInsurance\INBOUND_INSURANCE\target\classes started by thein in D:\tgp\ACEplus_assignment\InboundInsurance\INBOUND_INSURANCE)
2024-02-16 00:10:08.664 [main] [34mINFO [0;39m o.a.i.i.InboundInsuranceApplication [org.springframework.boot.SpringApplication.logStartupProfileInfo] - The following 1 profile is active: "dev"
2024-02-16 00:10:10.154 [main] [34mINFO [0;39m o.s.d.r.c.RepositoryConfigurationDelegate [org.springframework.data.repository.config.RepositoryConfigurationDelegate.registerRepositoriesIn] - Bootstrapping Spring Data JPA repositories in DEFAULT mode.
2024-02-16 00:10:10.332 [main] [34mINFO [0;39m o.s.d.r.c.RepositoryConfigurationDelegate [org.springframework.data.repository.config.RepositoryConfigurationDelegate.registerRepositoriesIn] - Finished Spring Data repository scanning in 161 ms. Found 8 JPA repository interfaces.
2024-02-16 00:10:11.137 [main] [34mINFO [0;39m o.s.b.w.e.t.TomcatWebServer [org.springframework.boot.web.embedded.tomcat.TomcatWebServer.initialize] - Tomcat initialized with port 8080 (http)
2024-02-16 00:10:11.154 [main] [34mINFO [0;39m o.a.c.h.Http11NioProtocol [org.apache.juli.logging.DirectJDKLog.log] - Initializing ProtocolHandler ["http-nio-8080"]
2024-02-16 00:10:11.157 [main] [34mINFO [0;39m o.a.c.c.StandardService [org.apache.juli.logging.DirectJDKLog.log] - Starting service [Tomcat]
2024-02-16 00:10:11.158 [main] [34mINFO [0;39m o.a.c.c.StandardEngine [org.apache.juli.logging.DirectJDKLog.log] - Starting Servlet engine: [Apache Tomcat/10.1.18]
2024-02-16 00:10:11.249 [main] [34mINFO [0;39m o.a.c.c.C.[.[.[/api/v1] [org.apache.juli.logging.DirectJDKLog.log] - Initializing Spring embedded WebApplicationContext
2024-02-16 00:10:11.250 [main] [34mINFO [0;39m o.s.b.w.s.c.ServletWebServerApplicationContext [org.springframework.boot.web.servlet.context.ServletWebServerApplicationContext.prepareWebApplicationContext] - Root WebApplicationContext: initialization completed in 2481 ms
2024-02-16 00:10:11.585 [main] [34mINFO [0;39m o.h.j.i.u.LogHelper [org.hibernate.jpa.internal.util.LogHelper.logPersistenceUnitInformation] - HHH000204: Processing PersistenceUnitInfo [name: default]
2024-02-16 00:10:11.687 [main] [34mINFO [0;39m o.h.Version [org.hibernate.Version.logVersion] - HHH000412: Hibernate ORM core version 6.4.1.Final
2024-02-16 00:10:11.741 [main] [34mINFO [0;39m o.h.c.i.RegionFactoryInitiator [org.hibernate.cache.internal.RegionFactoryInitiator.initiateService] - HHH000026: Second-level cache disabled
2024-02-16 00:10:12.125 [main] [34mINFO [0;39m o.s.o.j.p.SpringPersistenceUnitInfo [org.springframework.orm.jpa.persistenceunit.SpringPersistenceUnitInfo.addTransformer] - No LoadTimeWeaver setup: ignoring JPA class transformer
2024-02-16 00:10:12.159 [main] [34mINFO [0;39m c.z.h.HikariDataSource [com.zaxxer.hikari.HikariDataSource.getConnection] - HikariPool-1 - Starting...
2024-02-16 00:10:12.534 [main] [34mINFO [0;39m c.z.h.p.HikariPool [com.zaxxer.hikari.pool.HikariPool.checkFailFast] - HikariPool-1 - Added connection ConnectionID:1 ClientConnectionId: 1769b2cd-fee9-4414-afab-7f0d738b41a7
2024-02-16 00:10:12.536 [main] [34mINFO [0;39m c.z.h.HikariDataSource [com.zaxxer.hikari.HikariDataSource.getConnection] - HikariPool-1 - Start completed.
2024-02-16 00:10:13.991 [main] [34mINFO [0;39m o.h.e.t.j.p.i.JtaPlatformInitiator [org.hibernate.engine.transaction.jta.platform.internal.JtaPlatformInitiator.initiateService] - HHH000489: No JTA platform available (set 'hibernate.transaction.jta.platform' to enable JTA platform integration)
2024-02-16 00:10:14.528 [main] [34mINFO [0;39m o.s.o.j.LocalContainerEntityManagerFactoryBean [org.springframework.orm.jpa.AbstractEntityManagerFactoryBean.buildNativeEntityManagerFactory] - Initialized JPA EntityManagerFactory for persistence unit 'default'
2024-02-16 00:10:14.847 [main] [34mINFO [0;39m o.s.d.j.r.q.QueryEnhancerFactory [org.springframework.data.jpa.repository.query.QueryEnhancerFactory.<clinit>] - Hibernate is in classpath; If applicable, HQL parser will be used.
2024-02-16 00:10:15.980 [main] [34mINFO [0;39m o.a.c.h.Http11NioProtocol [org.apache.juli.logging.DirectJDKLog.log] - Starting ProtocolHandler ["http-nio-8080"]
2024-02-16 00:10:16.007 [main] [34mINFO [0;39m o.s.b.w.e.t.TomcatWebServer [org.springframework.boot.web.embedded.tomcat.TomcatWebServer.start] - Tomcat started on port 8080 (http) with context path '/api/v1'
2024-02-16 00:10:16.016 [main] [34mINFO [0;39m o.a.i.i.InboundInsuranceApplication [org.springframework.boot.StartupInfoLogger.logStarted] - Started InboundInsuranceApplication in 8.235 seconds (process running for 10.761)
2024-02-16 15:10:43.143 [main] [34mINFO [0;39m o.a.i.i.InboundInsuranceApplication [org.springframework.boot.StartupInfoLogger.logStarting] - Starting InboundInsuranceApplication using Java 17.0.2 with PID 19620 (D:\tgp\ACEplus_assignment\InboundInsurance\INBOUND_INSURANCE\target\classes started by thein in D:\tgp\ACEplus_assignment\InboundInsurance\INBOUND_INSURANCE)
2024-02-16 15:10:43.148 [main] [34mINFO [0;39m o.a.i.i.InboundInsuranceApplication [org.springframework.boot.SpringApplication.logStartupProfileInfo] - The following 1 profile is active: "dev"
2024-02-16 15:10:44.021 [main] [34mINFO [0;39m o.s.d.r.c.RepositoryConfigurationDelegate [org.springframework.data.repository.config.RepositoryConfigurationDelegate.registerRepositoriesIn] - Bootstrapping Spring Data JPA repositories in DEFAULT mode.
2024-02-16 15:10:44.136 [main] [34mINFO [0;39m o.s.d.r.c.RepositoryConfigurationDelegate [org.springframework.data.repository.config.RepositoryConfigurationDelegate.registerRepositoriesIn] - Finished Spring Data repository scanning in 103 ms. Found 8 JPA repository interfaces.
2024-02-16 15:10:44.733 [main] [34mINFO [0;39m o.s.b.w.e.t.TomcatWebServer [org.springframework.boot.web.embedded.tomcat.TomcatWebServer.initialize] - Tomcat initialized with port 8080 (http)
2024-02-16 15:10:44.746 [main] [34mINFO [0;39m o.a.c.h.Http11NioProtocol [org.apache.juli.logging.DirectJDKLog.log] - Initializing ProtocolHandler ["http-nio-8080"]
2024-02-16 15:10:44.750 [main] [34mINFO [0;39m o.a.c.c.StandardService [org.apache.juli.logging.DirectJDKLog.log] - Starting service [Tomcat]
2024-02-16 15:10:44.750 [main] [34mINFO [0;39m o.a.c.c.StandardEngine [org.apache.juli.logging.DirectJDKLog.log] - Starting Servlet engine: [Apache Tomcat/10.1.18]
2024-02-16 15:10:44.824 [main] [34mINFO [0;39m o.a.c.c.C.[.[.[/api/v1] [org.apache.juli.logging.DirectJDKLog.log] - Initializing Spring embedded WebApplicationContext
2024-02-16 15:10:44.825 [main] [34mINFO [0;39m o.s.b.w.s.c.ServletWebServerApplicationContext [org.springframework.boot.web.servlet.context.ServletWebServerApplicationContext.prepareWebApplicationContext] - Root WebApplicationContext: initialization completed in 1618 ms
2024-02-16 15:10:45.077 [main] [34mINFO [0;39m o.h.j.i.u.LogHelper [org.hibernate.jpa.internal.util.LogHelper.logPersistenceUnitInformation] - HHH000204: Processing PersistenceUnitInfo [name: default]
2024-02-16 15:10:45.123 [main] [34mINFO [0;39m o.h.Version [org.hibernate.Version.logVersion] - HHH000412: Hibernate ORM core version 6.4.1.Final
2024-02-16 15:10:45.151 [main] [34mINFO [0;39m o.h.c.i.RegionFactoryInitiator [org.hibernate.cache.internal.RegionFactoryInitiator.initiateService] - HHH000026: Second-level cache disabled
2024-02-16 15:10:45.400 [main] [34mINFO [0;39m o.s.o.j.p.SpringPersistenceUnitInfo [org.springframework.orm.jpa.persistenceunit.SpringPersistenceUnitInfo.addTransformer] - No LoadTimeWeaver setup: ignoring JPA class transformer
2024-02-16 15:10:45.424 [main] [34mINFO [0;39m c.z.h.HikariDataSource [com.zaxxer.hikari.HikariDataSource.getConnection] - HikariPool-1 - Starting...
2024-02-16 15:10:45.690 [main] [34mINFO [0;39m c.z.h.p.HikariPool [com.zaxxer.hikari.pool.HikariPool.checkFailFast] - HikariPool-1 - Added connection ConnectionID:1 ClientConnectionId: 22309a53-2f6a-4caf-8199-de3954f2985b
2024-02-16 15:10:45.692 [main] [34mINFO [0;39m c.z.h.HikariDataSource [com.zaxxer.hikari.HikariDataSource.getConnection] - HikariPool-1 - Start completed.
2024-02-16 15:10:46.748 [main] [34mINFO [0;39m o.h.e.t.j.p.i.JtaPlatformInitiator [org.hibernate.engine.transaction.jta.platform.internal.JtaPlatformInitiator.initiateService] - HHH000489: No JTA platform available (set 'hibernate.transaction.jta.platform' to enable JTA platform integration)
2024-02-16 15:10:47.890 [main] [34mINFO [0;39m o.s.o.j.LocalContainerEntityManagerFactoryBean [org.springframework.orm.jpa.AbstractEntityManagerFactoryBean.buildNativeEntityManagerFactory] - Initialized JPA EntityManagerFactory for persistence unit 'default'
2024-02-16 15:10:48.135 [main] [34mINFO [0;39m o.s.d.j.r.q.QueryEnhancerFactory [org.springframework.data.jpa.repository.query.QueryEnhancerFactory.<clinit>] - Hibernate is in classpath; If applicable, HQL parser will be used.
2024-02-16 15:10:48.978 [main] [34mINFO [0;39m o.a.c.h.Http11NioProtocol [org.apache.juli.logging.DirectJDKLog.log] - Starting ProtocolHandler ["http-nio-8080"]
2024-02-16 15:10:48.999 [main] [34mINFO [0;39m o.s.b.w.e.t.TomcatWebServer [org.springframework.boot.web.embedded.tomcat.TomcatWebServer.start] - Tomcat started on port 8080 (http) with context path '/api/v1'
2024-02-16 15:10:49.009 [main] [34mINFO [0;39m o.a.i.i.InboundInsuranceApplication [org.springframework.boot.StartupInfoLogger.logStarted] - Started InboundInsuranceApplication in 6.454 seconds (process running for 7.574)
2024-02-16 15:14:40.265 [SpringApplicationShutdownHook] [34mINFO [0;39m o.s.o.j.LocalContainerEntityManagerFactoryBean [org.springframework.orm.jpa.AbstractEntityManagerFactoryBean.destroy] - Closing JPA EntityManagerFactory for persistence unit 'default'
2024-02-16 15:14:40.267 [SpringApplicationShutdownHook] [34mINFO [0;39m c.z.h.HikariDataSource [com.zaxxer.hikari.HikariDataSource.close] - HikariPool-1 - Shutdown initiated...
2024-02-16 15:14:40.273 [SpringApplicationShutdownHook] [34mINFO [0;39m c.z.h.HikariDataSource [com.zaxxer.hikari.HikariDataSource.close] - HikariPool-1 - Shutdown completed.
