2024-02-14 16:02:03.861 [main] [34mINFO [0;39m o.a.i.i.InboundInsuranceApplication [org.springframework.boot.StartupInfoLogger.logStarting] - Starting InboundInsuranceApplication using Java 17.0.2 with PID 18320 (D:\tgp\ACEplus_assignment\InboundInsurance\INBOUND_INSURANCE\target\classes started by thein in D:\tgp\ACEplus_assignment\InboundInsurance\INBOUND_INSURANCE)
2024-02-14 16:02:03.866 [main] [34mINFO [0;39m o.a.i.i.InboundInsuranceApplication [org.springframework.boot.SpringApplication.logStartupProfileInfo] - The following 1 profile is active: "dev"
2024-02-14 16:02:04.880 [main] [34mINFO [0;39m o.s.d.r.c.RepositoryConfigurationDelegate [org.springframework.data.repository.config.RepositoryConfigurationDelegate.registerRepositoriesIn] - Bootstrapping Spring Data JPA repositories in DEFAULT mode.
2024-02-14 16:02:05.070 [main] [34mINFO [0;39m o.s.d.r.c.RepositoryConfigurationDelegate [org.springframework.data.repository.config.RepositoryConfigurationDelegate.registerRepositoriesIn] - Finished Spring Data repository scanning in 163 ms. Found 8 JPA repository interfaces.
2024-02-14 16:02:05.797 [main] [34mINFO [0;39m o.s.b.w.e.t.TomcatWebServer [org.springframework.boot.web.embedded.tomcat.TomcatWebServer.initialize] - Tomcat initialized with port 8080 (http)
2024-02-14 16:02:05.814 [main] [34mINFO [0;39m o.a.c.h.Http11NioProtocol [org.apache.juli.logging.DirectJDKLog.log] - Initializing ProtocolHandler ["http-nio-8080"]
2024-02-14 16:02:05.819 [main] [34mINFO [0;39m o.a.c.c.StandardService [org.apache.juli.logging.DirectJDKLog.log] - Starting service [Tomcat]
2024-02-14 16:02:05.819 [main] [34mINFO [0;39m o.a.c.c.StandardEngine [org.apache.juli.logging.DirectJDKLog.log] - Starting Servlet engine: [Apache Tomcat/10.1.18]
2024-02-14 16:02:05.895 [main] [34mINFO [0;39m o.a.c.c.C.[.[.[/api/v1] [org.apache.juli.logging.DirectJDKLog.log] - Initializing Spring embedded WebApplicationContext
2024-02-14 16:02:05.896 [main] [34mINFO [0;39m o.s.b.w.s.c.ServletWebServerApplicationContext [org.springframework.boot.web.servlet.context.ServletWebServerApplicationContext.prepareWebApplicationContext] - Root WebApplicationContext: initialization completed in 1976 ms
2024-02-14 16:02:06.217 [main] [34mINFO [0;39m o.h.j.i.u.LogHelper [org.hibernate.jpa.internal.util.LogHelper.logPersistenceUnitInformation] - HHH000204: Processing PersistenceUnitInfo [name: default]
2024-02-14 16:02:06.327 [main] [34mINFO [0;39m o.h.Version [org.hibernate.Version.logVersion] - HHH000412: Hibernate ORM core version 6.4.1.Final
2024-02-14 16:02:06.381 [main] [34mINFO [0;39m o.h.c.i.RegionFactoryInitiator [org.hibernate.cache.internal.RegionFactoryInitiator.initiateService] - HHH000026: Second-level cache disabled
2024-02-14 16:02:06.712 [main] [34mINFO [0;39m o.s.o.j.p.SpringPersistenceUnitInfo [org.springframework.orm.jpa.persistenceunit.SpringPersistenceUnitInfo.addTransformer] - No LoadTimeWeaver setup: ignoring JPA class transformer
2024-02-14 16:02:06.749 [main] [34mINFO [0;39m c.z.h.HikariDataSource [com.zaxxer.hikari.HikariDataSource.getConnection] - HikariPool-1 - Starting...
2024-02-14 16:02:07.271 [main] [34mINFO [0;39m c.z.h.p.HikariPool [com.zaxxer.hikari.pool.HikariPool.checkFailFast] - HikariPool-1 - Added connection ConnectionID:1 ClientConnectionId: 5dfae7dc-a57a-4ce1-b198-faf20709643b
2024-02-14 16:02:07.274 [main] [34mINFO [0;39m c.z.h.HikariDataSource [com.zaxxer.hikari.HikariDataSource.getConnection] - HikariPool-1 - Start completed.
2024-02-14 16:02:08.708 [main] [34mINFO [0;39m o.h.e.t.j.p.i.JtaPlatformInitiator [org.hibernate.engine.transaction.jta.platform.internal.JtaPlatformInitiator.initiateService] - HHH000489: No JTA platform available (set 'hibernate.transaction.jta.platform' to enable JTA platform integration)
2024-02-14 16:02:10.113 [main] [34mINFO [0;39m o.s.o.j.LocalContainerEntityManagerFactoryBean [org.springframework.orm.jpa.AbstractEntityManagerFactoryBean.buildNativeEntityManagerFactory] - Initialized JPA EntityManagerFactory for persistence unit 'default'
2024-02-14 16:02:10.436 [main] [34mINFO [0;39m o.s.d.j.r.q.QueryEnhancerFactory [org.springframework.data.jpa.repository.query.QueryEnhancerFactory.<clinit>] - Hibernate is in classpath; If applicable, HQL parser will be used.
2024-02-14 16:02:11.532 [main] [34mINFO [0;39m o.a.c.h.Http11NioProtocol [org.apache.juli.logging.DirectJDKLog.log] - Starting ProtocolHandler ["http-nio-8080"]
2024-02-14 16:02:11.558 [main] [34mINFO [0;39m o.s.b.w.e.t.TomcatWebServer [org.springframework.boot.web.embedded.tomcat.TomcatWebServer.start] - Tomcat started on port 8080 (http) with context path '/api/v1'
2024-02-14 16:02:11.567 [main] [34mINFO [0;39m o.a.i.i.InboundInsuranceApplication [org.springframework.boot.StartupInfoLogger.logStarted] - Started InboundInsuranceApplication in 8.289 seconds (process running for 9.432)
2024-02-14 16:03:46.552 [SpringApplicationShutdownHook] [34mINFO [0;39m o.s.o.j.LocalContainerEntityManagerFactoryBean [org.springframework.orm.jpa.AbstractEntityManagerFactoryBean.destroy] - Closing JPA EntityManagerFactory for persistence unit 'default'
2024-02-14 16:03:46.556 [SpringApplicationShutdownHook] [34mINFO [0;39m c.z.h.HikariDataSource [com.zaxxer.hikari.HikariDataSource.close] - HikariPool-1 - Shutdown initiated...
2024-02-14 16:03:46.563 [SpringApplicationShutdownHook] [34mINFO [0;39m c.z.h.HikariDataSource [com.zaxxer.hikari.HikariDataSource.close] - HikariPool-1 - Shutdown completed.
2024-02-14 16:03:52.402 [main] [34mINFO [0;39m o.a.i.i.InboundInsuranceApplication [org.springframework.boot.StartupInfoLogger.logStarting] - Starting InboundInsuranceApplication using Java 17.0.2 with PID 11024 (D:\tgp\ACEplus_assignment\InboundInsurance\INBOUND_INSURANCE\target\classes started by thein in D:\tgp\ACEplus_assignment\InboundInsurance\INBOUND_INSURANCE)
2024-02-14 16:03:52.406 [main] [34mINFO [0;39m o.a.i.i.InboundInsuranceApplication [org.springframework.boot.SpringApplication.logStartupProfileInfo] - The following 1 profile is active: "dev"
2024-02-14 16:03:53.074 [main] [34mINFO [0;39m o.s.d.r.c.RepositoryConfigurationDelegate [org.springframework.data.repository.config.RepositoryConfigurationDelegate.registerRepositoriesIn] - Bootstrapping Spring Data JPA repositories in DEFAULT mode.
2024-02-14 16:03:53.170 [main] [34mINFO [0;39m o.s.d.r.c.RepositoryConfigurationDelegate [org.springframework.data.repository.config.RepositoryConfigurationDelegate.registerRepositoriesIn] - Finished Spring Data repository scanning in 85 ms. Found 8 JPA repository interfaces.
2024-02-14 16:03:53.647 [main] [34mINFO [0;39m o.s.b.w.e.t.TomcatWebServer [org.springframework.boot.web.embedded.tomcat.TomcatWebServer.initialize] - Tomcat initialized with port 8080 (http)
2024-02-14 16:03:53.659 [main] [34mINFO [0;39m o.a.c.h.Http11NioProtocol [org.apache.juli.logging.DirectJDKLog.log] - Initializing ProtocolHandler ["http-nio-8080"]
2024-02-14 16:03:53.661 [main] [34mINFO [0;39m o.a.c.c.StandardService [org.apache.juli.logging.DirectJDKLog.log] - Starting service [Tomcat]
2024-02-14 16:03:53.663 [main] [34mINFO [0;39m o.a.c.c.StandardEngine [org.apache.juli.logging.DirectJDKLog.log] - Starting Servlet engine: [Apache Tomcat/10.1.18]
2024-02-14 16:03:53.720 [main] [34mINFO [0;39m o.a.c.c.C.[.[.[/api/v1] [org.apache.juli.logging.DirectJDKLog.log] - Initializing Spring embedded WebApplicationContext
2024-02-14 16:03:53.720 [main] [34mINFO [0;39m o.s.b.w.s.c.ServletWebServerApplicationContext [org.springframework.boot.web.servlet.context.ServletWebServerApplicationContext.prepareWebApplicationContext] - Root WebApplicationContext: initialization completed in 1249 ms
2024-02-14 16:03:53.957 [main] [34mINFO [0;39m o.h.j.i.u.LogHelper [org.hibernate.jpa.internal.util.LogHelper.logPersistenceUnitInformation] - HHH000204: Processing PersistenceUnitInfo [name: default]
2024-02-14 16:03:54.027 [main] [34mINFO [0;39m o.h.Version [org.hibernate.Version.logVersion] - HHH000412: Hibernate ORM core version 6.4.1.Final
2024-02-14 16:03:54.066 [main] [34mINFO [0;39m o.h.c.i.RegionFactoryInitiator [org.hibernate.cache.internal.RegionFactoryInitiator.initiateService] - HHH000026: Second-level cache disabled
2024-02-14 16:03:54.320 [main] [34mINFO [0;39m o.s.o.j.p.SpringPersistenceUnitInfo [org.springframework.orm.jpa.persistenceunit.SpringPersistenceUnitInfo.addTransformer] - No LoadTimeWeaver setup: ignoring JPA class transformer
2024-02-14 16:03:54.343 [main] [34mINFO [0;39m c.z.h.HikariDataSource [com.zaxxer.hikari.HikariDataSource.getConnection] - HikariPool-1 - Starting...
2024-02-14 16:03:54.626 [main] [34mINFO [0;39m c.z.h.p.HikariPool [com.zaxxer.hikari.pool.HikariPool.checkFailFast] - HikariPool-1 - Added connection ConnectionID:1 ClientConnectionId: ace28028-7293-4791-9a65-4b0dadc47359
2024-02-14 16:03:54.628 [main] [34mINFO [0;39m c.z.h.HikariDataSource [com.zaxxer.hikari.HikariDataSource.getConnection] - HikariPool-1 - Start completed.
2024-02-14 16:03:55.717 [main] [34mINFO [0;39m o.h.e.t.j.p.i.JtaPlatformInitiator [org.hibernate.engine.transaction.jta.platform.internal.JtaPlatformInitiator.initiateService] - HHH000489: No JTA platform available (set 'hibernate.transaction.jta.platform' to enable JTA platform integration)
2024-02-14 16:03:56.844 [main] [34mINFO [0;39m o.s.o.j.LocalContainerEntityManagerFactoryBean [org.springframework.orm.jpa.AbstractEntityManagerFactoryBean.buildNativeEntityManagerFactory] - Initialized JPA EntityManagerFactory for persistence unit 'default'
2024-02-14 16:03:57.150 [main] [34mINFO [0;39m o.s.d.j.r.q.QueryEnhancerFactory [org.springframework.data.jpa.repository.query.QueryEnhancerFactory.<clinit>] - Hibernate is in classpath; If applicable, HQL parser will be used.
2024-02-14 16:03:58.084 [main] [34mINFO [0;39m o.a.c.h.Http11NioProtocol [org.apache.juli.logging.DirectJDKLog.log] - Starting ProtocolHandler ["http-nio-8080"]
2024-02-14 16:03:58.108 [main] [34mINFO [0;39m o.s.b.w.e.t.TomcatWebServer [org.springframework.boot.web.embedded.tomcat.TomcatWebServer.start] - Tomcat started on port 8080 (http) with context path '/api/v1'
2024-02-14 16:03:58.121 [main] [34mINFO [0;39m o.a.i.i.InboundInsuranceApplication [org.springframework.boot.StartupInfoLogger.logStarted] - Started InboundInsuranceApplication in 6.236 seconds (process running for 7.287)
2024-02-14 16:04:22.375 [SpringApplicationShutdownHook] [34mINFO [0;39m o.s.o.j.LocalContainerEntityManagerFactoryBean [org.springframework.orm.jpa.AbstractEntityManagerFactoryBean.destroy] - Closing JPA EntityManagerFactory for persistence unit 'default'
2024-02-14 16:04:22.377 [SpringApplicationShutdownHook] [34mINFO [0;39m c.z.h.HikariDataSource [com.zaxxer.hikari.HikariDataSource.close] - HikariPool-1 - Shutdown initiated...
2024-02-14 16:04:22.383 [SpringApplicationShutdownHook] [34mINFO [0;39m c.z.h.HikariDataSource [com.zaxxer.hikari.HikariDataSource.close] - HikariPool-1 - Shutdown completed.
