2024-02-15 10:06:33.990 [main] [34mINFO [0;39m o.a.i.i.InboundInsuranceApplication [org.springframework.boot.StartupInfoLogger.logStarting] - Starting InboundInsuranceApplication using Java 17.0.2 with PID 9520 (D:\tgp\ACEplus_assignment\InboundInsurance\INBOUND_INSURANCE\target\classes started by thein in D:\tgp\ACEplus_assignment\InboundInsurance\INBOUND_INSURANCE)
2024-02-15 10:06:34.000 [main] [34mINFO [0;39m o.a.i.i.InboundInsuranceApplication [org.springframework.boot.SpringApplication.logStartupProfileInfo] - The following 1 profile is active: "dev"
2024-02-15 10:06:35.749 [main] [34mINFO [0;39m o.s.d.r.c.RepositoryConfigurationDelegate [org.springframework.data.repository.config.RepositoryConfigurationDelegate.registerRepositoriesIn] - Bootstrapping Spring Data JPA repositories in DEFAULT mode.
2024-02-15 10:06:35.935 [main] [34mINFO [0;39m o.s.d.r.c.RepositoryConfigurationDelegate [org.springframework.data.repository.config.RepositoryConfigurationDelegate.registerRepositoriesIn] - Finished Spring Data repository scanning in 168 ms. Found 8 JPA repository interfaces.
2024-02-15 10:06:36.992 [main] [34mINFO [0;39m o.s.b.w.e.t.TomcatWebServer [org.springframework.boot.web.embedded.tomcat.TomcatWebServer.initialize] - Tomcat initialized with port 8080 (http)
2024-02-15 10:06:37.012 [main] [34mINFO [0;39m o.a.c.h.Http11NioProtocol [org.apache.juli.logging.DirectJDKLog.log] - Initializing ProtocolHandler ["http-nio-8080"]
2024-02-15 10:06:37.019 [main] [34mINFO [0;39m o.a.c.c.StandardService [org.apache.juli.logging.DirectJDKLog.log] - Starting service [Tomcat]
2024-02-15 10:06:37.020 [main] [34mINFO [0;39m o.a.c.c.StandardEngine [org.apache.juli.logging.DirectJDKLog.log] - Starting Servlet engine: [Apache Tomcat/10.1.18]
2024-02-15 10:06:37.168 [main] [34mINFO [0;39m o.a.c.c.C.[.[.[/api/v1] [org.apache.juli.logging.DirectJDKLog.log] - Initializing Spring embedded WebApplicationContext
2024-02-15 10:06:37.169 [main] [34mINFO [0;39m o.s.b.w.s.c.ServletWebServerApplicationContext [org.springframework.boot.web.servlet.context.ServletWebServerApplicationContext.prepareWebApplicationContext] - Root WebApplicationContext: initialization completed in 2987 ms
2024-02-15 10:06:37.674 [main] [34mINFO [0;39m o.h.j.i.u.LogHelper [org.hibernate.jpa.internal.util.LogHelper.logPersistenceUnitInformation] - HHH000204: Processing PersistenceUnitInfo [name: default]
2024-02-15 10:06:37.812 [main] [34mINFO [0;39m o.h.Version [org.hibernate.Version.logVersion] - HHH000412: Hibernate ORM core version 6.4.1.Final
2024-02-15 10:06:37.897 [main] [34mINFO [0;39m o.h.c.i.RegionFactoryInitiator [org.hibernate.cache.internal.RegionFactoryInitiator.initiateService] - HHH000026: Second-level cache disabled
2024-02-15 10:06:38.427 [main] [34mINFO [0;39m o.s.o.j.p.SpringPersistenceUnitInfo [org.springframework.orm.jpa.persistenceunit.SpringPersistenceUnitInfo.addTransformer] - No LoadTimeWeaver setup: ignoring JPA class transformer
2024-02-15 10:06:38.498 [main] [34mINFO [0;39m c.z.h.HikariDataSource [com.zaxxer.hikari.HikariDataSource.getConnection] - HikariPool-1 - Starting...
2024-02-15 10:06:39.215 [main] [34mINFO [0;39m c.z.h.p.HikariPool [com.zaxxer.hikari.pool.HikariPool.checkFailFast] - HikariPool-1 - Added connection ConnectionID:1 ClientConnectionId: 4499dce8-6ede-4413-bdcc-568fd17d8381
2024-02-15 10:06:39.220 [main] [34mINFO [0;39m c.z.h.HikariDataSource [com.zaxxer.hikari.HikariDataSource.getConnection] - HikariPool-1 - Start completed.
2024-02-15 10:06:41.555 [main] [34mINFO [0;39m o.h.e.t.j.p.i.JtaPlatformInitiator [org.hibernate.engine.transaction.jta.platform.internal.JtaPlatformInitiator.initiateService] - HHH000489: No JTA platform available (set 'hibernate.transaction.jta.platform' to enable JTA platform integration)
2024-02-15 10:06:42.596 [main] [34mINFO [0;39m o.s.o.j.LocalContainerEntityManagerFactoryBean [org.springframework.orm.jpa.AbstractEntityManagerFactoryBean.buildNativeEntityManagerFactory] - Initialized JPA EntityManagerFactory for persistence unit 'default'
2024-02-15 10:06:43.093 [main] [34mINFO [0;39m o.s.d.j.r.q.QueryEnhancerFactory [org.springframework.data.jpa.repository.query.QueryEnhancerFactory.<clinit>] - Hibernate is in classpath; If applicable, HQL parser will be used.
2024-02-15 10:06:44.867 [main] [34mINFO [0;39m o.a.c.h.Http11NioProtocol [org.apache.juli.logging.DirectJDKLog.log] - Starting ProtocolHandler ["http-nio-8080"]
2024-02-15 10:06:44.903 [main] [34mINFO [0;39m o.s.b.w.e.t.TomcatWebServer [org.springframework.boot.web.embedded.tomcat.TomcatWebServer.start] - Tomcat started on port 8080 (http) with context path '/api/v1'
2024-02-15 10:06:44.920 [main] [34mINFO [0;39m o.a.i.i.InboundInsuranceApplication [org.springframework.boot.StartupInfoLogger.logStarted] - Started InboundInsuranceApplication in 12.078 seconds (process running for 14.277)
2024-02-15 10:18:46.767 [http-nio-8080-exec-2] [34mINFO [0;39m o.a.c.c.C.[.[.[/api/v1] [org.apache.juli.logging.DirectJDKLog.log] - Initializing Spring DispatcherServlet 'dispatcherServlet'
2024-02-15 10:18:46.768 [http-nio-8080-exec-2] [34mINFO [0;39m o.s.w.s.DispatcherServlet [org.springframework.web.servlet.FrameworkServlet.initServletBean] - Initializing Servlet 'dispatcherServlet'
2024-02-15 10:18:46.772 [http-nio-8080-exec-2] [34mINFO [0;39m o.s.w.s.DispatcherServlet [org.springframework.web.servlet.FrameworkServlet.initServletBean] - Completed initialization in 3 ms
2024-02-15 10:22:56.627 [SpringApplicationShutdownHook] [34mINFO [0;39m o.s.o.j.LocalContainerEntityManagerFactoryBean [org.springframework.orm.jpa.AbstractEntityManagerFactoryBean.destroy] - Closing JPA EntityManagerFactory for persistence unit 'default'
2024-02-15 10:22:56.647 [SpringApplicationShutdownHook] [34mINFO [0;39m c.z.h.HikariDataSource [com.zaxxer.hikari.HikariDataSource.close] - HikariPool-1 - Shutdown initiated...
2024-02-15 10:22:56.826 [SpringApplicationShutdownHook] [34mINFO [0;39m c.z.h.HikariDataSource [com.zaxxer.hikari.HikariDataSource.close] - HikariPool-1 - Shutdown completed.
