2024-02-08 09:49:36.212 [main] [34mINFO [0;39m o.a.i.i.InboundInsuranceApplication [org.springframework.boot.StartupInfoLogger.logStarting] - Starting InboundInsuranceApplication using Java 17.0.2 with PID 17052 (D:\tgp\ACEplus_assignment\InboundInsurance\INBOUND_INSURANCE\target\classes started by thein in D:\tgp\ACEplus_assignment\InboundInsurance\INBOUND_INSURANCE)
2024-02-08 09:49:36.221 [main] [34mINFO [0;39m o.a.i.i.InboundInsuranceApplication [org.springframework.boot.SpringApplication.logStartupProfileInfo] - The following 1 profile is active: "dev"
2024-02-08 09:49:37.646 [main] [34mINFO [0;39m o.s.d.r.c.RepositoryConfigurationDelegate [org.springframework.data.repository.config.RepositoryConfigurationDelegate.registerRepositoriesIn] - Bootstrapping Spring Data JPA repositories in DEFAULT mode.
2024-02-08 09:49:37.768 [main] [34mINFO [0;39m o.s.d.r.c.RepositoryConfigurationDelegate [org.springframework.data.repository.config.RepositoryConfigurationDelegate.registerRepositoriesIn] - Finished Spring Data repository scanning in 108 ms. Found 4 JPA repository interfaces.
2024-02-08 09:49:38.822 [main] [34mINFO [0;39m o.s.b.w.e.t.TomcatWebServer [org.springframework.boot.web.embedded.tomcat.TomcatWebServer.initialize] - Tomcat initialized with port 8080 (http)
2024-02-08 09:49:38.842 [main] [34mINFO [0;39m o.a.c.h.Http11NioProtocol [org.apache.juli.logging.DirectJDKLog.log] - Initializing ProtocolHandler ["http-nio-8080"]
2024-02-08 09:49:38.848 [main] [34mINFO [0;39m o.a.c.c.StandardService [org.apache.juli.logging.DirectJDKLog.log] - Starting service [Tomcat]
2024-02-08 09:49:38.849 [main] [34mINFO [0;39m o.a.c.c.StandardEngine [org.apache.juli.logging.DirectJDKLog.log] - Starting Servlet engine: [Apache Tomcat/10.1.18]
2024-02-08 09:49:38.978 [main] [34mINFO [0;39m o.a.c.c.C.[.[.[/api/v1] [org.apache.juli.logging.DirectJDKLog.log] - Initializing Spring embedded WebApplicationContext
2024-02-08 09:49:38.979 [main] [34mINFO [0;39m o.s.b.w.s.c.ServletWebServerApplicationContext [org.springframework.boot.web.servlet.context.ServletWebServerApplicationContext.prepareWebApplicationContext] - Root WebApplicationContext: initialization completed in 2630 ms
2024-02-08 09:49:39.514 [main] [34mINFO [0;39m o.h.j.i.u.LogHelper [org.hibernate.jpa.internal.util.LogHelper.logPersistenceUnitInformation] - HHH000204: Processing PersistenceUnitInfo [name: default]
2024-02-08 09:49:39.662 [main] [34mINFO [0;39m o.h.Version [org.hibernate.Version.logVersion] - HHH000412: Hibernate ORM core version 6.4.1.Final
2024-02-08 09:49:39.741 [main] [34mINFO [0;39m o.h.c.i.RegionFactoryInitiator [org.hibernate.cache.internal.RegionFactoryInitiator.initiateService] - HHH000026: Second-level cache disabled
2024-02-08 09:49:40.372 [main] [34mINFO [0;39m o.s.o.j.p.SpringPersistenceUnitInfo [org.springframework.orm.jpa.persistenceunit.SpringPersistenceUnitInfo.addTransformer] - No LoadTimeWeaver setup: ignoring JPA class transformer
2024-02-08 09:49:40.423 [main] [34mINFO [0;39m c.z.h.HikariDataSource [com.zaxxer.hikari.HikariDataSource.getConnection] - HikariPool-1 - Starting...
2024-02-08 09:49:40.938 [main] [34mINFO [0;39m c.z.h.p.HikariPool [com.zaxxer.hikari.pool.HikariPool.checkFailFast] - HikariPool-1 - Added connection ConnectionID:1 ClientConnectionId: 8f2f73e5-ab7f-4dc7-9045-bf988844c0c8
2024-02-08 09:49:40.941 [main] [34mINFO [0;39m c.z.h.HikariDataSource [com.zaxxer.hikari.HikariDataSource.getConnection] - HikariPool-1 - Start completed.
2024-02-08 09:49:42.652 [main] [34mINFO [0;39m o.h.e.t.j.p.i.JtaPlatformInitiator [org.hibernate.engine.transaction.jta.platform.internal.JtaPlatformInitiator.initiateService] - HHH000489: No JTA platform available (set 'hibernate.transaction.jta.platform' to enable JTA platform integration)
2024-02-08 09:49:43.219 [main] [34mINFO [0;39m o.s.o.j.LocalContainerEntityManagerFactoryBean [org.springframework.orm.jpa.AbstractEntityManagerFactoryBean.buildNativeEntityManagerFactory] - Initialized JPA EntityManagerFactory for persistence unit 'default'
2024-02-08 09:49:44.376 [main] [34mINFO [0;39m o.a.c.h.Http11NioProtocol [org.apache.juli.logging.DirectJDKLog.log] - Starting ProtocolHandler ["http-nio-8080"]
2024-02-08 09:49:44.414 [main] [34mINFO [0;39m o.s.b.w.e.t.TomcatWebServer [org.springframework.boot.web.embedded.tomcat.TomcatWebServer.start] - Tomcat started on port 8080 (http) with context path '/api/v1'
2024-02-08 09:49:44.427 [main] [34mINFO [0;39m o.a.i.i.InboundInsuranceApplication [org.springframework.boot.StartupInfoLogger.logStarted] - Started InboundInsuranceApplication in 9.068 seconds (process running for 10.846)
2024-02-08 09:52:11.933 [http-nio-8080-exec-3] [34mINFO [0;39m o.a.c.c.C.[.[.[/api/v1] [org.apache.juli.logging.DirectJDKLog.log] - Initializing Spring DispatcherServlet 'dispatcherServlet'
2024-02-08 09:52:11.933 [http-nio-8080-exec-3] [34mINFO [0;39m o.s.w.s.DispatcherServlet [org.springframework.web.servlet.FrameworkServlet.initServletBean] - Initializing Servlet 'dispatcherServlet'
2024-02-08 09:52:11.934 [http-nio-8080-exec-3] [34mINFO [0;39m o.s.w.s.DispatcherServlet [org.springframework.web.servlet.FrameworkServlet.initServletBean] - Completed initialization in 1 ms
2024-02-08 12:01:39.111 [SpringApplicationShutdownHook] [34mINFO [0;39m o.s.o.j.LocalContainerEntityManagerFactoryBean [org.springframework.orm.jpa.AbstractEntityManagerFactoryBean.destroy] - Closing JPA EntityManagerFactory for persistence unit 'default'
2024-02-08 12:01:39.117 [SpringApplicationShutdownHook] [34mINFO [0;39m c.z.h.HikariDataSource [com.zaxxer.hikari.HikariDataSource.close] - HikariPool-1 - Shutdown initiated...
2024-02-08 12:01:39.123 [SpringApplicationShutdownHook] [34mINFO [0;39m c.z.h.HikariDataSource [com.zaxxer.hikari.HikariDataSource.close] - HikariPool-1 - Shutdown completed.
2024-02-08 12:01:46.402 [main] [34mINFO [0;39m o.a.i.i.InboundInsuranceApplication [org.springframework.boot.StartupInfoLogger.logStarting] - Starting InboundInsuranceApplication using Java 17.0.2 with PID 5940 (D:\tgp\ACEplus_assignment\InboundInsurance\INBOUND_INSURANCE\target\classes started by thein in D:\tgp\ACEplus_assignment\InboundInsurance\INBOUND_INSURANCE)
2024-02-08 12:01:46.405 [main] [34mINFO [0;39m o.a.i.i.InboundInsuranceApplication [org.springframework.boot.SpringApplication.logStartupProfileInfo] - The following 1 profile is active: "dev"
2024-02-08 12:01:47.065 [main] [34mINFO [0;39m o.s.d.r.c.RepositoryConfigurationDelegate [org.springframework.data.repository.config.RepositoryConfigurationDelegate.registerRepositoriesIn] - Bootstrapping Spring Data JPA repositories in DEFAULT mode.
2024-02-08 12:01:47.132 [main] [34mINFO [0;39m o.s.d.r.c.RepositoryConfigurationDelegate [org.springframework.data.repository.config.RepositoryConfigurationDelegate.registerRepositoriesIn] - Finished Spring Data repository scanning in 60 ms. Found 4 JPA repository interfaces.
2024-02-08 12:01:47.587 [main] [34mINFO [0;39m o.s.b.w.e.t.TomcatWebServer [org.springframework.boot.web.embedded.tomcat.TomcatWebServer.initialize] - Tomcat initialized with port 8080 (http)
2024-02-08 12:01:47.599 [main] [34mINFO [0;39m o.a.c.h.Http11NioProtocol [org.apache.juli.logging.DirectJDKLog.log] - Initializing ProtocolHandler ["http-nio-8080"]
2024-02-08 12:01:47.601 [main] [34mINFO [0;39m o.a.c.c.StandardService [org.apache.juli.logging.DirectJDKLog.log] - Starting service [Tomcat]
2024-02-08 12:01:47.602 [main] [34mINFO [0;39m o.a.c.c.StandardEngine [org.apache.juli.logging.DirectJDKLog.log] - Starting Servlet engine: [Apache Tomcat/10.1.18]
2024-02-08 12:01:47.655 [main] [34mINFO [0;39m o.a.c.c.C.[.[.[/api/v1] [org.apache.juli.logging.DirectJDKLog.log] - Initializing Spring embedded WebApplicationContext
2024-02-08 12:01:47.656 [main] [34mINFO [0;39m o.s.b.w.s.c.ServletWebServerApplicationContext [org.springframework.boot.web.servlet.context.ServletWebServerApplicationContext.prepareWebApplicationContext] - Root WebApplicationContext: initialization completed in 1198 ms
2024-02-08 12:01:47.847 [main] [34mINFO [0;39m o.h.j.i.u.LogHelper [org.hibernate.jpa.internal.util.LogHelper.logPersistenceUnitInformation] - HHH000204: Processing PersistenceUnitInfo [name: default]
2024-02-08 12:01:47.908 [main] [34mINFO [0;39m o.h.Version [org.hibernate.Version.logVersion] - HHH000412: Hibernate ORM core version 6.4.1.Final
2024-02-08 12:01:47.936 [main] [34mINFO [0;39m o.h.c.i.RegionFactoryInitiator [org.hibernate.cache.internal.RegionFactoryInitiator.initiateService] - HHH000026: Second-level cache disabled
2024-02-08 12:01:48.145 [main] [34mINFO [0;39m o.s.o.j.p.SpringPersistenceUnitInfo [org.springframework.orm.jpa.persistenceunit.SpringPersistenceUnitInfo.addTransformer] - No LoadTimeWeaver setup: ignoring JPA class transformer
2024-02-08 12:01:48.167 [main] [34mINFO [0;39m c.z.h.HikariDataSource [com.zaxxer.hikari.HikariDataSource.getConnection] - HikariPool-1 - Starting...
2024-02-08 12:01:48.397 [main] [34mINFO [0;39m c.z.h.p.HikariPool [com.zaxxer.hikari.pool.HikariPool.checkFailFast] - HikariPool-1 - Added connection ConnectionID:1 ClientConnectionId: 6fddbbd1-aec3-481b-a77b-a61edd6679a0
2024-02-08 12:01:48.399 [main] [34mINFO [0;39m c.z.h.HikariDataSource [com.zaxxer.hikari.HikariDataSource.getConnection] - HikariPool-1 - Start completed.
2024-02-08 12:01:49.230 [main] [34mINFO [0;39m o.h.e.t.j.p.i.JtaPlatformInitiator [org.hibernate.engine.transaction.jta.platform.internal.JtaPlatformInitiator.initiateService] - HHH000489: No JTA platform available (set 'hibernate.transaction.jta.platform' to enable JTA platform integration)
2024-02-08 12:01:49.613 [main] [34mINFO [0;39m o.s.o.j.LocalContainerEntityManagerFactoryBean [org.springframework.orm.jpa.AbstractEntityManagerFactoryBean.buildNativeEntityManagerFactory] - Initialized JPA EntityManagerFactory for persistence unit 'default'
2024-02-08 12:01:50.185 [main] [34mINFO [0;39m o.a.c.h.Http11NioProtocol [org.apache.juli.logging.DirectJDKLog.log] - Starting ProtocolHandler ["http-nio-8080"]
2024-02-08 12:01:50.201 [main] [34mINFO [0;39m o.s.b.w.e.t.TomcatWebServer [org.springframework.boot.web.embedded.tomcat.TomcatWebServer.start] - Tomcat started on port 8080 (http) with context path '/api/v1'
2024-02-08 12:01:50.209 [main] [34mINFO [0;39m o.a.i.i.InboundInsuranceApplication [org.springframework.boot.StartupInfoLogger.logStarted] - Started InboundInsuranceApplication in 4.286 seconds (process running for 5.479)
2024-02-08 13:40:16.575 [SpringApplicationShutdownHook] [34mINFO [0;39m o.s.o.j.LocalContainerEntityManagerFactoryBean [org.springframework.orm.jpa.AbstractEntityManagerFactoryBean.destroy] - Closing JPA EntityManagerFactory for persistence unit 'default'
2024-02-08 13:40:16.581 [SpringApplicationShutdownHook] [34mINFO [0;39m c.z.h.HikariDataSource [com.zaxxer.hikari.HikariDataSource.close] - HikariPool-1 - Shutdown initiated...
2024-02-08 13:40:16.592 [SpringApplicationShutdownHook] [34mINFO [0;39m c.z.h.HikariDataSource [com.zaxxer.hikari.HikariDataSource.close] - HikariPool-1 - Shutdown completed.
2024-02-08 15:26:16.103 [main] [34mINFO [0;39m o.a.i.i.InboundInsuranceApplication [org.springframework.boot.StartupInfoLogger.logStarting] - Starting InboundInsuranceApplication using Java 17.0.2 with PID 13396 (D:\tgp\ACEplus_assignment\InboundInsurance\INBOUND_INSURANCE\target\classes started by thein in D:\tgp\ACEplus_assignment\InboundInsurance\INBOUND_INSURANCE)
2024-02-08 15:26:16.108 [main] [34mINFO [0;39m o.a.i.i.InboundInsuranceApplication [org.springframework.boot.SpringApplication.logStartupProfileInfo] - The following 1 profile is active: "dev"
2024-02-08 15:26:17.490 [main] [34mINFO [0;39m o.s.d.r.c.RepositoryConfigurationDelegate [org.springframework.data.repository.config.RepositoryConfigurationDelegate.registerRepositoriesIn] - Bootstrapping Spring Data JPA repositories in DEFAULT mode.
2024-02-08 15:26:17.695 [main] [34mINFO [0;39m o.s.d.r.c.RepositoryConfigurationDelegate [org.springframework.data.repository.config.RepositoryConfigurationDelegate.registerRepositoriesIn] - Finished Spring Data repository scanning in 185 ms. Found 7 JPA repository interfaces.
2024-02-08 15:26:18.731 [main] [34mINFO [0;39m o.s.b.w.e.t.TomcatWebServer [org.springframework.boot.web.embedded.tomcat.TomcatWebServer.initialize] - Tomcat initialized with port 8080 (http)
2024-02-08 15:26:18.755 [main] [34mINFO [0;39m o.a.c.h.Http11NioProtocol [org.apache.juli.logging.DirectJDKLog.log] - Initializing ProtocolHandler ["http-nio-8080"]
2024-02-08 15:26:18.760 [main] [34mINFO [0;39m o.a.c.c.StandardService [org.apache.juli.logging.DirectJDKLog.log] - Starting service [Tomcat]
2024-02-08 15:26:18.761 [main] [34mINFO [0;39m o.a.c.c.StandardEngine [org.apache.juli.logging.DirectJDKLog.log] - Starting Servlet engine: [Apache Tomcat/10.1.18]
2024-02-08 15:26:18.880 [main] [34mINFO [0;39m o.a.c.c.C.[.[.[/api/v1] [org.apache.juli.logging.DirectJDKLog.log] - Initializing Spring embedded WebApplicationContext
2024-02-08 15:26:18.880 [main] [34mINFO [0;39m o.s.b.w.s.c.ServletWebServerApplicationContext [org.springframework.boot.web.servlet.context.ServletWebServerApplicationContext.prepareWebApplicationContext] - Root WebApplicationContext: initialization completed in 2657 ms
2024-02-08 15:26:19.329 [main] [34mINFO [0;39m o.h.j.i.u.LogHelper [org.hibernate.jpa.internal.util.LogHelper.logPersistenceUnitInformation] - HHH000204: Processing PersistenceUnitInfo [name: default]
2024-02-08 15:26:19.479 [main] [34mINFO [0;39m o.h.Version [org.hibernate.Version.logVersion] - HHH000412: Hibernate ORM core version 6.4.1.Final
2024-02-08 15:26:19.573 [main] [34mINFO [0;39m o.h.c.i.RegionFactoryInitiator [org.hibernate.cache.internal.RegionFactoryInitiator.initiateService] - HHH000026: Second-level cache disabled
2024-02-08 15:26:20.086 [main] [34mINFO [0;39m o.s.o.j.p.SpringPersistenceUnitInfo [org.springframework.orm.jpa.persistenceunit.SpringPersistenceUnitInfo.addTransformer] - No LoadTimeWeaver setup: ignoring JPA class transformer
2024-02-08 15:26:20.131 [main] [34mINFO [0;39m c.z.h.HikariDataSource [com.zaxxer.hikari.HikariDataSource.getConnection] - HikariPool-1 - Starting...
2024-02-08 15:26:21.612 [main] [34mINFO [0;39m o.a.c.c.StandardService [org.apache.juli.logging.DirectJDKLog.log] - Stopping service [Tomcat]
2024-02-08 15:26:21.635 [main] [34mINFO [0;39m o.s.b.a.l.ConditionEvaluationReportLogger [org.springframework.boot.autoconfigure.logging.ConditionEvaluationReportLogger.logMessage] - 

Error starting ApplicationContext. To display the condition evaluation report re-run your application with 'debug' enabled.
2024-02-08 15:27:33.421 [main] [34mINFO [0;39m o.a.i.i.InboundInsuranceApplication [org.springframework.boot.StartupInfoLogger.logStarting] - Starting InboundInsuranceApplication using Java 17.0.2 with PID 10536 (D:\tgp\ACEplus_assignment\InboundInsurance\INBOUND_INSURANCE\target\classes started by thein in D:\tgp\ACEplus_assignment\InboundInsurance\INBOUND_INSURANCE)
2024-02-08 15:27:33.428 [main] [34mINFO [0;39m o.a.i.i.InboundInsuranceApplication [org.springframework.boot.SpringApplication.logStartupProfileInfo] - The following 1 profile is active: "dev"
2024-02-08 15:27:34.742 [main] [34mINFO [0;39m o.s.d.r.c.RepositoryConfigurationDelegate [org.springframework.data.repository.config.RepositoryConfigurationDelegate.registerRepositoriesIn] - Bootstrapping Spring Data JPA repositories in DEFAULT mode.
2024-02-08 15:27:34.924 [main] [34mINFO [0;39m o.s.d.r.c.RepositoryConfigurationDelegate [org.springframework.data.repository.config.RepositoryConfigurationDelegate.registerRepositoriesIn] - Finished Spring Data repository scanning in 167 ms. Found 7 JPA repository interfaces.
2024-02-08 15:27:35.832 [main] [34mINFO [0;39m o.s.b.w.e.t.TomcatWebServer [org.springframework.boot.web.embedded.tomcat.TomcatWebServer.initialize] - Tomcat initialized with port 8080 (http)
2024-02-08 15:27:35.846 [main] [34mINFO [0;39m o.a.c.h.Http11NioProtocol [org.apache.juli.logging.DirectJDKLog.log] - Initializing ProtocolHandler ["http-nio-8080"]
2024-02-08 15:27:35.852 [main] [34mINFO [0;39m o.a.c.c.StandardService [org.apache.juli.logging.DirectJDKLog.log] - Starting service [Tomcat]
2024-02-08 15:27:35.853 [main] [34mINFO [0;39m o.a.c.c.StandardEngine [org.apache.juli.logging.DirectJDKLog.log] - Starting Servlet engine: [Apache Tomcat/10.1.18]
2024-02-08 15:27:35.972 [main] [34mINFO [0;39m o.a.c.c.C.[.[.[/api/v1] [org.apache.juli.logging.DirectJDKLog.log] - Initializing Spring embedded WebApplicationContext
2024-02-08 15:27:35.975 [main] [34mINFO [0;39m o.s.b.w.s.c.ServletWebServerApplicationContext [org.springframework.boot.web.servlet.context.ServletWebServerApplicationContext.prepareWebApplicationContext] - Root WebApplicationContext: initialization completed in 2445 ms
2024-02-08 15:27:36.403 [main] [34mINFO [0;39m o.h.j.i.u.LogHelper [org.hibernate.jpa.internal.util.LogHelper.logPersistenceUnitInformation] - HHH000204: Processing PersistenceUnitInfo [name: default]
2024-02-08 15:27:36.492 [main] [34mINFO [0;39m o.h.Version [org.hibernate.Version.logVersion] - HHH000412: Hibernate ORM core version 6.4.1.Final
2024-02-08 15:27:36.552 [main] [34mINFO [0;39m o.h.c.i.RegionFactoryInitiator [org.hibernate.cache.internal.RegionFactoryInitiator.initiateService] - HHH000026: Second-level cache disabled
2024-02-08 15:27:36.973 [main] [34mINFO [0;39m o.s.o.j.p.SpringPersistenceUnitInfo [org.springframework.orm.jpa.persistenceunit.SpringPersistenceUnitInfo.addTransformer] - No LoadTimeWeaver setup: ignoring JPA class transformer
2024-02-08 15:27:37.016 [main] [34mINFO [0;39m c.z.h.HikariDataSource [com.zaxxer.hikari.HikariDataSource.getConnection] - HikariPool-1 - Starting...
2024-02-08 15:27:37.511 [main] [34mINFO [0;39m c.z.h.p.HikariPool [com.zaxxer.hikari.pool.HikariPool.checkFailFast] - HikariPool-1 - Added connection ConnectionID:1 ClientConnectionId: 1343ae39-9ce9-4df5-b424-7db4624a9cb4
2024-02-08 15:27:37.514 [main] [34mINFO [0;39m c.z.h.HikariDataSource [com.zaxxer.hikari.HikariDataSource.getConnection] - HikariPool-1 - Start completed.
2024-02-08 15:27:39.609 [main] [34mINFO [0;39m o.h.e.t.j.p.i.JtaPlatformInitiator [org.hibernate.engine.transaction.jta.platform.internal.JtaPlatformInitiator.initiateService] - HHH000489: No JTA platform available (set 'hibernate.transaction.jta.platform' to enable JTA platform integration)
2024-02-08 15:27:40.718 [main] [34mINFO [0;39m o.s.o.j.LocalContainerEntityManagerFactoryBean [org.springframework.orm.jpa.AbstractEntityManagerFactoryBean.buildNativeEntityManagerFactory] - Initialized JPA EntityManagerFactory for persistence unit 'default'
2024-02-08 15:27:41.159 [main] [34mINFO [0;39m o.s.d.j.r.q.QueryEnhancerFactory [org.springframework.data.jpa.repository.query.QueryEnhancerFactory.<clinit>] - Hibernate is in classpath; If applicable, HQL parser will be used.
2024-02-08 15:27:42.768 [main] [34mINFO [0;39m o.a.c.h.Http11NioProtocol [org.apache.juli.logging.DirectJDKLog.log] - Starting ProtocolHandler ["http-nio-8080"]
2024-02-08 15:27:42.804 [main] [34mINFO [0;39m o.s.b.w.e.t.TomcatWebServer [org.springframework.boot.web.embedded.tomcat.TomcatWebServer.start] - Tomcat started on port 8080 (http) with context path '/api/v1'
2024-02-08 15:27:42.821 [main] [34mINFO [0;39m o.a.i.i.InboundInsuranceApplication [org.springframework.boot.StartupInfoLogger.logStarted] - Started InboundInsuranceApplication in 10.218 seconds (process running for 12.114)
2024-02-08 15:42:42.707 [SpringApplicationShutdownHook] [34mINFO [0;39m o.s.o.j.LocalContainerEntityManagerFactoryBean [org.springframework.orm.jpa.AbstractEntityManagerFactoryBean.destroy] - Closing JPA EntityManagerFactory for persistence unit 'default'
2024-02-08 15:42:42.717 [SpringApplicationShutdownHook] [34mINFO [0;39m c.z.h.HikariDataSource [com.zaxxer.hikari.HikariDataSource.close] - HikariPool-1 - Shutdown initiated...
2024-02-08 15:42:42.751 [SpringApplicationShutdownHook] [34mINFO [0;39m c.z.h.HikariDataSource [com.zaxxer.hikari.HikariDataSource.close] - HikariPool-1 - Shutdown completed.
